<?xml version="1.0" encoding="UTF-8"?>
<!-- Generated by org.testng.reporters.JUnitReportReporter -->
<testsuite hostname="Daniels-MacBook-Pro.local" failures="0" tests="9" name="TestSimpleSet_4" time="0.013" errors="0" timestamp="2019-09-13T15:05:09 MDT" skipped="0">
  <testcase classname="TestSimpleSet_4" name="testContains_invalidElement" time="0.001"/>
  <testcase classname="TestSimpleSet_4" name="testIsEmpty" time="0.000"/>
  <testcase classname="TestSimpleSet_4" name="testRemove_invalidElement" time="0.001"/>
  <testcase classname="TestSimpleSet_4" name="testAdd_element" time="0.003"/>
  <testcase classname="TestSimpleSet_4" name="testRemove_A" time="0.002"/>
  <testcase classname="TestSimpleSet_4" name="testAdd_A" time="0.002"/>
  <testcase classname="TestSimpleSet_4" name="testToString" time="0.002"/>
  <testcase classname="TestSimpleSet_4" name="testContains_A" time="0.001"/>
  <testcase classname="TestSimpleSet_4" name="testSize" time="0.001"/>
</testsuite> <!-- TestSimpleSet_4 -->
