<?xml version="1.0" encoding="UTF-8"?>
<!-- Generated by org.testng.reporters.JUnitReportReporter -->
<testsuite hostname="Daniels-MacBook-Pro.local" failures="0" tests="12" name="TestSimpleSet_11" time="0.009" errors="0" timestamp="2019-09-13T15:05:09 MDT" skipped="0">
  <testcase classname="TestSimpleSet_11" name="testAdd_validElement" time="0.000"/>
  <testcase classname="TestSimpleSet_11" name="testContains_invalidElement" time="0.000"/>
  <testcase classname="TestSimpleSet_11" name="testAdd_element" time="0.002"/>
  <testcase classname="TestSimpleSet_11" name="testContains_validElement" time="0.002"/>
  <testcase classname="TestSimpleSet_11" name="testSize" time="0.000"/>
  <testcase classname="TestSimpleSet_11" name="testContains_validElement" time="0.001"/>
  <testcase classname="TestSimpleSet_11" name="testIsEmpty" time="0.001"/>
  <testcase classname="TestSimpleSet_11" name="testRemove_validElements" time="0.001"/>
  <testcase classname="TestSimpleSet_11" name="testRemove_invalidElement" time="0.000"/>
  <testcase classname="TestSimpleSet_11" name="testAdd_validElement" time="0.000"/>
  <testcase classname="TestSimpleSet_11" name="testToString" time="0.000"/>
  <testcase classname="TestSimpleSet_11" name="testRemove_validElements" time="0.002"/>
</testsuite> <!-- TestSimpleSet_11 -->
