<?xml version="1.0" encoding="UTF-8"?>
<!-- Generated by org.testng.reporters.JUnitReportReporter -->
<testsuite hostname="Daniels-MacBook-Pro.local" failures="0" tests="6" name="TestSimpleSet_1" time="0.019" errors="0" timestamp="2019-09-13T15:05:09 MDT" skipped="0">
  <testcase classname="TestSimpleSet_1" name="testAdd_element" time="0.011"/>
  <testcase classname="TestSimpleSet_1" name="testSize" time="0.001"/>
  <testcase classname="TestSimpleSet_1" name="testRemove_invalidElement" time="0.001"/>
  <testcase classname="TestSimpleSet_1" name="testIsEmpty" time="0.001"/>
  <testcase classname="TestSimpleSet_1" name="testContains_invalidElement" time="0.003"/>
  <testcase classname="TestSimpleSet_1" name="testToString" time="0.002"/>
</testsuite> <!-- TestSimpleSet_1 -->
