<?xml version="1.0" encoding="UTF-8"?>
<!-- Generated by org.testng.reporters.JUnitReportReporter -->
<testsuite hostname="Daniels-MacBook-Pro.local" failures="0" tests="6" name="TestSimpleSet_2" time="0.008" errors="0" timestamp="2019-09-13T15:05:09 MDT" skipped="0">
  <testcase classname="TestSimpleSet_2" name="testContains_invalidElement" time="0.002"/>
  <testcase classname="TestSimpleSet_2" name="testToString" time="0.001"/>
  <testcase classname="TestSimpleSet_2" name="testAdd_element" time="0.001"/>
  <testcase classname="TestSimpleSet_2" name="testSize" time="0.001"/>
  <testcase classname="TestSimpleSet_2" name="testRemove_invalidElement" time="0.002"/>
  <testcase classname="TestSimpleSet_2" name="testIsEmpty" time="0.001"/>
</testsuite> <!-- TestSimpleSet_2 -->
