<?xml version="1.0" encoding="UTF-8"?>
<!-- Generated by org.testng.reporters.JUnitReportReporter -->
<testsuite hostname="Daniels-MacBook-Pro.local" failures="0" tests="9" name="TestSimpleSet_6" time="0.009" errors="0" timestamp="2019-09-13T15:05:09 MDT" skipped="0">
  <testcase classname="TestSimpleSet_6" name="testAdd_B" time="0.001"/>
  <testcase classname="TestSimpleSet_6" name="testContains_invalidElement" time="0.001"/>
  <testcase classname="TestSimpleSet_6" name="testAdd_element" time="0.001"/>
  <testcase classname="TestSimpleSet_6" name="testSize" time="0.002"/>
  <testcase classname="TestSimpleSet_6" name="testContains_B" time="0.001"/>
  <testcase classname="TestSimpleSet_6" name="testToString" time="0.002"/>
  <testcase classname="TestSimpleSet_6" name="testRemove_B" time="0.000"/>
  <testcase classname="TestSimpleSet_6" name="testRemove_invalidElement" time="0.001"/>
  <testcase classname="TestSimpleSet_6" name="testIsEmpty" time="0.000"/>
</testsuite> <!-- TestSimpleSet_6 -->
