<?xml version="1.0" encoding="UTF-8"?>
<!-- Generated by org.testng.reporters.JUnitReportReporter -->
<testsuite hostname="Daniels-MacBook-Pro.local" failures="0" tests="9" name="ItrTest_25_AB_remove1_A" time="0.005" errors="0" timestamp="2019-11-15T11:56:58 MST" skipped="0">
  <testcase classname="ItrTest_25_AB_remove1_A" name="testItrNextRemove_next" time="0.001"/>
  <testcase classname="ItrTest_25_AB_remove1_A" name="testItr_remove" time="0.000"/>
  <testcase classname="ItrTest_25_AB_remove1_A" name="testItr_hasNext" time="0.001"/>
  <testcase classname="ItrTest_25_AB_remove1_A" name="testItrNextRemove_remove" time="0.000"/>
  <testcase classname="ItrTest_25_AB_remove1_A" name="testItrNext_remove" time="0.000"/>
  <testcase classname="ItrTest_25_AB_remove1_A" name="testItrNext_hasNext" time="0.002"/>
  <testcase classname="ItrTest_25_AB_remove1_A" name="testItrNext_next" time="0.001"/>
  <testcase classname="ItrTest_25_AB_remove1_A" name="testItrNextRemove_hasNext" time="0.000"/>
  <testcase classname="ItrTest_25_AB_remove1_A" name="testItr_next" time="0.000"/>
</testsuite> <!-- ItrTest_25_AB_remove1_A -->
