<?xml version="1.0" encoding="UTF-8"?>
<!-- Generated by org.testng.reporters.JUnitReportReporter -->
<testsuite hostname="Daniels-MacBook-Pro.local" failures="0" tests="36" name="Test_16_A_set0B_B" time="0.048" errors="0" timestamp="2019-11-15T11:56:50 MST" skipped="0">
  <testcase classname="Test_16_A_set0B_B" name="testAdd_invalidIndex" time="0.000"/>
  <testcase classname="Test_16_A_set0B_B" name="testSet_validIndex" time="0.001"/>
  <testcase classname="Test_16_A_set0B_B" name="testSize" time="0.002"/>
  <testcase classname="Test_16_A_set0B_B" name="testAddAfter_validElement" time="0.000"/>
  <testcase classname="Test_16_A_set0B_B" name="testAddToRear" time="0.000"/>
  <testcase classname="Test_16_A_set0B_B" name="testRemoveFirst" time="0.002"/>
  <testcase classname="Test_16_A_set0B_B" name="testGet_invalidIndex" time="0.001"/>
  <testcase classname="Test_16_A_set0B_B" name="testListIterator_validIndex" time="0.000"/>
  <testcase classname="Test_16_A_set0B_B" name="testIsEmpty" time="0.000"/>
  <testcase classname="Test_16_A_set0B_B" name="testContains_invalidElement" time="0.000"/>
  <testcase classname="Test_16_A_set0B_B" name="testAddAfter_invalidElement" time="0.000"/>
  <testcase classname="Test_16_A_set0B_B" name="testRemove_invalidIndex" time="0.000"/>
  <testcase classname="Test_16_A_set0B_B" name="testRemove_invalidElement" time="0.000"/>
  <testcase classname="Test_16_A_set0B_B" name="testRemove_invalidIndex" time="0.000"/>
  <testcase classname="Test_16_A_set0B_B" name="testContains_validElement" time="0.001"/>
  <testcase classname="Test_16_A_set0B_B" name="testIndexOf_invalidElement" time="0.006"/>
  <testcase classname="Test_16_A_set0B_B" name="testAdd_validIndex" time="0.000"/>
  <testcase classname="Test_16_A_set0B_B" name="testAdd" time="0.010"/>
  <testcase classname="Test_16_A_set0B_B" name="testIndexOf_validElement" time="0.000"/>
  <testcase classname="Test_16_A_set0B_B" name="testSet_invalidIndex" time="0.001"/>
  <testcase classname="Test_16_A_set0B_B" name="testListIterator" time="0.001"/>
  <testcase classname="Test_16_A_set0B_B" name="testRemove_validIndex" time="0.001"/>
  <testcase classname="Test_16_A_set0B_B" name="testFirst" time="0.011"/>
  <testcase classname="Test_16_A_set0B_B" name="testListIterator_validIndex" time="0.000"/>
  <testcase classname="Test_16_A_set0B_B" name="testGet_validIndex" time="0.002"/>
  <testcase classname="Test_16_A_set0B_B" name="testRemove_validElement" time="0.001"/>
  <testcase classname="Test_16_A_set0B_B" name="testListIterator_invalidIndex" time="0.001"/>
  <testcase classname="Test_16_A_set0B_B" name="testIterator" time="0.001"/>
  <testcase classname="Test_16_A_set0B_B" name="testListIterator_invalidIndex" time="0.004"/>
  <testcase classname="Test_16_A_set0B_B" name="testLast" time="0.000"/>
  <testcase classname="Test_16_A_set0B_B" name="testGet_invalidIndex" time="0.001"/>
  <testcase classname="Test_16_A_set0B_B" name="testAdd_validIndex" time="0.000"/>
  <testcase classname="Test_16_A_set0B_B" name="testRemoveLast" time="0.000"/>
  <testcase classname="Test_16_A_set0B_B" name="testAdd_invalidIndex" time="0.000"/>
  <testcase classname="Test_16_A_set0B_B" name="testSet_invalidIndex" time="0.001"/>
  <testcase classname="Test_16_A_set0B_B" name="testAddToFront" time="0.000"/>
</testsuite> <!-- Test_16_A_set0B_B -->
