<?xml version="1.0" encoding="UTF-8"?>
<!-- Generated by org.testng.reporters.JUnitReportReporter -->
<testsuite hostname="Daniels-MacBook-Pro.local" failures="0" tests="9" name="ItrTest_24_AB_remove0_B" time="0.007" errors="0" timestamp="2019-11-15T11:56:58 MST" skipped="0">
  <testcase classname="ItrTest_24_AB_remove0_B" name="testItr_next" time="0.001"/>
  <testcase classname="ItrTest_24_AB_remove0_B" name="testItrNextRemove_hasNext" time="0.001"/>
  <testcase classname="ItrTest_24_AB_remove0_B" name="testItrNext_next" time="0.001"/>
  <testcase classname="ItrTest_24_AB_remove0_B" name="testItrNext_remove" time="0.000"/>
  <testcase classname="ItrTest_24_AB_remove0_B" name="testItrNext_hasNext" time="0.001"/>
  <testcase classname="ItrTest_24_AB_remove0_B" name="testItrNextRemove_next" time="0.001"/>
  <testcase classname="ItrTest_24_AB_remove0_B" name="testItr_hasNext" time="0.001"/>
  <testcase classname="ItrTest_24_AB_remove0_B" name="testItr_remove" time="0.000"/>
  <testcase classname="ItrTest_24_AB_remove0_B" name="testItrNextRemove_remove" time="0.001"/>
</testsuite> <!-- ItrTest_24_AB_remove0_B -->
