<?xml version="1.0" encoding="UTF-8"?>
<!-- Generated by org.testng.reporters.JUnitReportReporter -->
<testsuite hostname="Daniels-MacBook-Pro.local" failures="0" tests="45" name="Test_8_A_addAfterBA_AB" time="0.038" errors="0" timestamp="2019-11-15T11:56:50 MST" skipped="0">
  <testcase classname="Test_8_A_addAfterBA_AB" name="testAddAfter_validElement" time="0.001"/>
  <testcase classname="Test_8_A_addAfterBA_AB" name="testAdd_invalidIndex" time="0.000"/>
  <testcase classname="Test_8_A_addAfterBA_AB" name="testAdd_validIndex" time="0.001"/>
  <testcase classname="Test_8_A_addAfterBA_AB" name="testAddToFront" time="0.001"/>
  <testcase classname="Test_8_A_addAfterBA_AB" name="testListIterator_validIndex" time="0.001"/>
  <testcase classname="Test_8_A_addAfterBA_AB" name="testIsEmpty" time="0.000"/>
  <testcase classname="Test_8_A_addAfterBA_AB" name="testLast" time="0.000"/>
  <testcase classname="Test_8_A_addAfterBA_AB" name="testContains_invalidElement" time="0.001"/>
  <testcase classname="Test_8_A_addAfterBA_AB" name="testListIterator_validIndex" time="0.001"/>
  <testcase classname="Test_8_A_addAfterBA_AB" name="testRemove_invalidIndex" time="0.000"/>
  <testcase classname="Test_8_A_addAfterBA_AB" name="testContains_validElement" time="0.000"/>
  <testcase classname="Test_8_A_addAfterBA_AB" name="testAddAfter_invalidElement" time="0.001"/>
  <testcase classname="Test_8_A_addAfterBA_AB" name="testFirst" time="0.000"/>
  <testcase classname="Test_8_A_addAfterBA_AB" name="testSize" time="0.000"/>
  <testcase classname="Test_8_A_addAfterBA_AB" name="testSet_invalidIndex" time="0.002"/>
  <testcase classname="Test_8_A_addAfterBA_AB" name="testIndexOf_validElement" time="0.000"/>
  <testcase classname="Test_8_A_addAfterBA_AB" name="testRemove_invalidElement" time="0.001"/>
  <testcase classname="Test_8_A_addAfterBA_AB" name="testAdd_validIndex" time="0.006"/>
  <testcase classname="Test_8_A_addAfterBA_AB" name="testAddToRear" time="0.000"/>
  <testcase classname="Test_8_A_addAfterBA_AB" name="testAdd_invalidIndex" time="0.001"/>
  <testcase classname="Test_8_A_addAfterBA_AB" name="testListIterator_validIndex" time="0.002"/>
  <testcase classname="Test_8_A_addAfterBA_AB" name="testRemove_validIndex" time="0.000"/>
  <testcase classname="Test_8_A_addAfterBA_AB" name="testRemove_invalidIndex" time="0.001"/>
  <testcase classname="Test_8_A_addAfterBA_AB" name="testSet_invalidIndex" time="0.000"/>
  <testcase classname="Test_8_A_addAfterBA_AB" name="testRemove_validIndex" time="0.001"/>
  <testcase classname="Test_8_A_addAfterBA_AB" name="testIndexOf_validElement" time="0.000"/>
  <testcase classname="Test_8_A_addAfterBA_AB" name="testGet_validIndex" time="0.001"/>
  <testcase classname="Test_8_A_addAfterBA_AB" name="testAdd" time="0.001"/>
  <testcase classname="Test_8_A_addAfterBA_AB" name="testContains_validElement" time="0.000"/>
  <testcase classname="Test_8_A_addAfterBA_AB" name="testGet_validIndex" time="0.001"/>
  <testcase classname="Test_8_A_addAfterBA_AB" name="testIndexOf_invalidElement" time="0.002"/>
  <testcase classname="Test_8_A_addAfterBA_AB" name="testListIterator" time="0.000"/>
  <testcase classname="Test_8_A_addAfterBA_AB" name="testRemoveLast" time="0.000"/>
  <testcase classname="Test_8_A_addAfterBA_AB" name="testListIterator_invalidIndex" time="0.003"/>
  <testcase classname="Test_8_A_addAfterBA_AB" name="testRemoveFirst" time="0.001"/>
  <testcase classname="Test_8_A_addAfterBA_AB" name="testRemove_validElement" time="0.001"/>
  <testcase classname="Test_8_A_addAfterBA_AB" name="testListIterator_invalidIndex" time="0.001"/>
  <testcase classname="Test_8_A_addAfterBA_AB" name="testGet_invalidIndex" time="0.000"/>
  <testcase classname="Test_8_A_addAfterBA_AB" name="testSet_validIndex" time="0.000"/>
  <testcase classname="Test_8_A_addAfterBA_AB" name="testIterator" time="0.000"/>
  <testcase classname="Test_8_A_addAfterBA_AB" name="testSet_validIndex" time="0.001"/>
  <testcase classname="Test_8_A_addAfterBA_AB" name="testAdd_validIndex" time="0.003"/>
  <testcase classname="Test_8_A_addAfterBA_AB" name="testAddAfter_validElement" time="0.000"/>
  <testcase classname="Test_8_A_addAfterBA_AB" name="testGet_invalidIndex" time="0.000"/>
  <testcase classname="Test_8_A_addAfterBA_AB" name="testRemove_validElement" time="0.002"/>
</testsuite> <!-- Test_8_A_addAfterBA_AB -->
