<?xml version="1.0" encoding="UTF-8"?>
<!-- Generated by org.testng.reporters.JUnitReportReporter -->
<testsuite hostname="Daniels-MacBook-Pro.local" failures="0" tests="18" name="ItrTest_38_ABC_remove1_AC" time="0.007" errors="0" timestamp="2019-11-15T11:56:58 MST" skipped="0">
  <testcase classname="ItrTest_38_ABC_remove1_AC" name="testItr_next" time="0.000"/>
  <testcase classname="ItrTest_38_ABC_remove1_AC" name="testItrNext_hasNext" time="0.001"/>
  <testcase classname="ItrTest_38_ABC_remove1_AC" name="testItrNextRemoveNext_hasNext" time="0.000"/>
  <testcase classname="ItrTest_38_ABC_remove1_AC" name="testItrNext_next" time="0.001"/>
  <testcase classname="ItrTest_38_ABC_remove1_AC" name="testItrNextNext_next" time="0.001"/>
  <testcase classname="ItrTest_38_ABC_remove1_AC" name="testItrNext_remove" time="0.000"/>
  <testcase classname="ItrTest_38_ABC_remove1_AC" name="testItrNextNext_hasNext" time="0.000"/>
  <testcase classname="ItrTest_38_ABC_remove1_AC" name="testItrNextRemove_remove" time="0.001"/>
  <testcase classname="ItrTest_38_ABC_remove1_AC" name="testItrNextNextRemove_remove" time="0.000"/>
  <testcase classname="ItrTest_38_ABC_remove1_AC" name="testItrNextRemove_next" time="0.000"/>
  <testcase classname="ItrTest_38_ABC_remove1_AC" name="testItrNextRemoveNext_remove" time="0.000"/>
  <testcase classname="ItrTest_38_ABC_remove1_AC" name="testItr_remove" time="0.001"/>
  <testcase classname="ItrTest_38_ABC_remove1_AC" name="testItr_hasNext" time="0.000"/>
  <testcase classname="ItrTest_38_ABC_remove1_AC" name="testItrNextNextRemove_next" time="0.001"/>
  <testcase classname="ItrTest_38_ABC_remove1_AC" name="testItrNextRemoveNext_next" time="0.000"/>
  <testcase classname="ItrTest_38_ABC_remove1_AC" name="testItrNextNext_remove" time="0.000"/>
  <testcase classname="ItrTest_38_ABC_remove1_AC" name="testItrNextRemove_hasNext" time="0.000"/>
  <testcase classname="ItrTest_38_ABC_remove1_AC" name="testItrNextNextRemove_hasNext" time="0.001"/>
</testsuite> <!-- ItrTest_38_ABC_remove1_AC -->
