<?xml version="1.0" encoding="UTF-8"?>
<!-- Generated by org.testng.reporters.JUnitReportReporter -->
<testsuite hostname="Daniels-MacBook-Pro.local" failures="0" tests="27" name="ItrTest_29_AB_add0C_CAB" time="0.011" errors="0" timestamp="2019-11-15T11:56:58 MST" skipped="0">
  <testcase classname="ItrTest_29_AB_add0C_CAB" name="testItrNextNextNext_hasNext" time="0.000"/>
  <testcase classname="ItrTest_29_AB_add0C_CAB" name="testItr_next" time="0.001"/>
  <testcase classname="ItrTest_29_AB_add0C_CAB" name="testItrNextNext_next" time="0.000"/>
  <testcase classname="ItrTest_29_AB_add0C_CAB" name="testItrNextRemove_next" time="0.000"/>
  <testcase classname="ItrTest_29_AB_add0C_CAB" name="testItrNext_remove" time="0.001"/>
  <testcase classname="ItrTest_29_AB_add0C_CAB" name="testItr_remove" time="0.001"/>
  <testcase classname="ItrTest_29_AB_add0C_CAB" name="testItrNextNextRemove_remove" time="0.000"/>
  <testcase classname="ItrTest_29_AB_add0C_CAB" name="testItrNextNextNextRemove_remove" time="0.000"/>
  <testcase classname="ItrTest_29_AB_add0C_CAB" name="testItrNext_hasNext" time="0.001"/>
  <testcase classname="ItrTest_29_AB_add0C_CAB" name="testItrNextNext_remove" time="0.000"/>
  <testcase classname="ItrTest_29_AB_add0C_CAB" name="testItrNextNextNext_next" time="0.001"/>
  <testcase classname="ItrTest_29_AB_add0C_CAB" name="testItrNextNextRemoveNext_hasNext" time="0.001"/>
  <testcase classname="ItrTest_29_AB_add0C_CAB" name="testItr_hasNext" time="0.001"/>
  <testcase classname="ItrTest_29_AB_add0C_CAB" name="testItrNextNextRemoveNext_next" time="0.000"/>
  <testcase classname="ItrTest_29_AB_add0C_CAB" name="testItrNextNextNextRemove_next" time="0.001"/>
  <testcase classname="ItrTest_29_AB_add0C_CAB" name="testItrNextNextRemoveNext_remove" time="0.000"/>
  <testcase classname="ItrTest_29_AB_add0C_CAB" name="testItrNextRemoveNext_next" time="0.001"/>
  <testcase classname="ItrTest_29_AB_add0C_CAB" name="testItrNextRemoveNext_hasNext" time="0.000"/>
  <testcase classname="ItrTest_29_AB_add0C_CAB" name="testItrNextRemoveNext_remove" time="0.000"/>
  <testcase classname="ItrTest_29_AB_add0C_CAB" name="testItrNextRemove_hasNext" time="0.000"/>
  <testcase classname="ItrTest_29_AB_add0C_CAB" name="testItrNextNextRemove_next" time="0.000"/>
  <testcase classname="ItrTest_29_AB_add0C_CAB" name="testItrNextRemove_remove" time="0.000"/>
  <testcase classname="ItrTest_29_AB_add0C_CAB" name="testItrNext_next" time="0.001"/>
  <testcase classname="ItrTest_29_AB_add0C_CAB" name="testItrNextNextNextRemove_hasNext" time="0.001"/>
  <testcase classname="ItrTest_29_AB_add0C_CAB" name="testItrNextNext_hasNext" time="0.000"/>
  <testcase classname="ItrTest_29_AB_add0C_CAB" name="testItrNextNextNext_remove" time="0.000"/>
  <testcase classname="ItrTest_29_AB_add0C_CAB" name="testItrNextNextRemove_hasNext" time="0.000"/>
</testsuite> <!-- ItrTest_29_AB_add0C_CAB -->
