<?xml version="1.0" encoding="UTF-8"?>
<!-- Generated by org.testng.reporters.JUnitReportReporter -->
<testsuite hostname="Daniels-MacBook-Pro.local" failures="0" tests="3" name="ItrTest_6_A_removeFirst_emptyList" time="0.001" errors="0" timestamp="2019-11-15T11:56:58 MST" skipped="0">
  <testcase classname="ItrTest_6_A_removeFirst_emptyList" name="testItr_next" time="0.001"/>
  <testcase classname="ItrTest_6_A_removeFirst_emptyList" name="testItr_hasNext" time="0.000"/>
  <testcase classname="ItrTest_6_A_removeFirst_emptyList" name="testItr_remove" time="0.000"/>
</testsuite> <!-- ItrTest_6_A_removeFirst_emptyList -->
