<?xml version="1.0" encoding="UTF-8"?>
<!-- Generated by org.testng.reporters.JUnitReportReporter -->
<testsuite hostname="Daniels-MacBook-Pro.local" failures="0" tests="54" name="Test_17_AB_addToFrontC_CAB" time="0.030" errors="0" timestamp="2019-11-15T11:56:50 MST" skipped="0">
  <testcase classname="Test_17_AB_addToFrontC_CAB" name="testGet_invalidIndex" time="0.001"/>
  <testcase classname="Test_17_AB_addToFrontC_CAB" name="testRemove_validElement" time="0.000"/>
  <testcase classname="Test_17_AB_addToFrontC_CAB" name="testAdd_validIndex" time="0.000"/>
  <testcase classname="Test_17_AB_addToFrontC_CAB" name="testListIterator_invalidIndex" time="0.000"/>
  <testcase classname="Test_17_AB_addToFrontC_CAB" name="testSet_invalidIndex" time="0.001"/>
  <testcase classname="Test_17_AB_addToFrontC_CAB" name="testIterator" time="0.000"/>
  <testcase classname="Test_17_AB_addToFrontC_CAB" name="testListIterator_validIndex" time="0.001"/>
  <testcase classname="Test_17_AB_addToFrontC_CAB" name="testAddAfter_invalidElement" time="0.000"/>
  <testcase classname="Test_17_AB_addToFrontC_CAB" name="testAddAfter_validElement" time="0.001"/>
  <testcase classname="Test_17_AB_addToFrontC_CAB" name="testRemove_validIndex" time="0.001"/>
  <testcase classname="Test_17_AB_addToFrontC_CAB" name="testAdd_invalidIndex" time="0.000"/>
  <testcase classname="Test_17_AB_addToFrontC_CAB" name="testGet_invalidIndex" time="0.001"/>
  <testcase classname="Test_17_AB_addToFrontC_CAB" name="testAddToFront" time="0.000"/>
  <testcase classname="Test_17_AB_addToFrontC_CAB" name="testSet_validIndex" time="0.000"/>
  <testcase classname="Test_17_AB_addToFrontC_CAB" name="testContains_invalidElement" time="0.001"/>
  <testcase classname="Test_17_AB_addToFrontC_CAB" name="testIsEmpty" time="0.001"/>
  <testcase classname="Test_17_AB_addToFrontC_CAB" name="testAdd_validIndex" time="0.000"/>
  <testcase classname="Test_17_AB_addToFrontC_CAB" name="testRemove_validIndex" time="0.001"/>
  <testcase classname="Test_17_AB_addToFrontC_CAB" name="testRemove_invalidIndex" time="0.000"/>
  <testcase classname="Test_17_AB_addToFrontC_CAB" name="testListIterator" time="0.000"/>
  <testcase classname="Test_17_AB_addToFrontC_CAB" name="testRemoveFirst" time="0.000"/>
  <testcase classname="Test_17_AB_addToFrontC_CAB" name="testSet_validIndex" time="0.001"/>
  <testcase classname="Test_17_AB_addToFrontC_CAB" name="testAddToRear" time="0.000"/>
  <testcase classname="Test_17_AB_addToFrontC_CAB" name="testContains_validElement" time="0.001"/>
  <testcase classname="Test_17_AB_addToFrontC_CAB" name="testGet_validIndex" time="0.000"/>
  <testcase classname="Test_17_AB_addToFrontC_CAB" name="testAddAfter_validElement" time="0.001"/>
  <testcase classname="Test_17_AB_addToFrontC_CAB" name="testRemove_invalidIndex" time="0.000"/>
  <testcase classname="Test_17_AB_addToFrontC_CAB" name="testAdd" time="0.000"/>
  <testcase classname="Test_17_AB_addToFrontC_CAB" name="testContains_validElement" time="0.002"/>
  <testcase classname="Test_17_AB_addToFrontC_CAB" name="testAdd_validIndex" time="0.001"/>
  <testcase classname="Test_17_AB_addToFrontC_CAB" name="testGet_validIndex" time="0.000"/>
  <testcase classname="Test_17_AB_addToFrontC_CAB" name="testRemove_validIndex" time="0.000"/>
  <testcase classname="Test_17_AB_addToFrontC_CAB" name="testRemove_validElement" time="0.000"/>
  <testcase classname="Test_17_AB_addToFrontC_CAB" name="testSet_invalidIndex" time="0.000"/>
  <testcase classname="Test_17_AB_addToFrontC_CAB" name="testAdd_validIndex" time="0.000"/>
  <testcase classname="Test_17_AB_addToFrontC_CAB" name="testContains_validElement" time="0.000"/>
  <testcase classname="Test_17_AB_addToFrontC_CAB" name="testAddAfter_validElement" time="0.000"/>
  <testcase classname="Test_17_AB_addToFrontC_CAB" name="testFirst" time="0.000"/>
  <testcase classname="Test_17_AB_addToFrontC_CAB" name="testListIterator_validIndex" time="0.002"/>
  <testcase classname="Test_17_AB_addToFrontC_CAB" name="testListIterator_invalidIndex" time="0.000"/>
  <testcase classname="Test_17_AB_addToFrontC_CAB" name="testListIterator_validIndex" time="0.001"/>
  <testcase classname="Test_17_AB_addToFrontC_CAB" name="testIndexOf_validElement" time="0.006"/>
  <testcase classname="Test_17_AB_addToFrontC_CAB" name="testAdd_invalidIndex" time="0.000"/>
  <testcase classname="Test_17_AB_addToFrontC_CAB" name="testRemove_validElement" time="0.001"/>
  <testcase classname="Test_17_AB_addToFrontC_CAB" name="testRemove_invalidElement" time="0.001"/>
  <testcase classname="Test_17_AB_addToFrontC_CAB" name="testLast" time="0.000"/>
  <testcase classname="Test_17_AB_addToFrontC_CAB" name="testGet_validIndex" time="0.001"/>
  <testcase classname="Test_17_AB_addToFrontC_CAB" name="testRemoveLast" time="0.000"/>
  <testcase classname="Test_17_AB_addToFrontC_CAB" name="testListIterator_validIndex" time="0.001"/>
  <testcase classname="Test_17_AB_addToFrontC_CAB" name="testIndexOf_validElement" time="0.001"/>
  <testcase classname="Test_17_AB_addToFrontC_CAB" name="testIndexOf_invalidElement" time="0.000"/>
  <testcase classname="Test_17_AB_addToFrontC_CAB" name="testSize" time="0.000"/>
  <testcase classname="Test_17_AB_addToFrontC_CAB" name="testIndexOf_validElement" time="0.001"/>
  <testcase classname="Test_17_AB_addToFrontC_CAB" name="testSet_validIndex" time="0.000"/>
</testsuite> <!-- Test_17_AB_addToFrontC_CAB -->
