<?xml version="1.0" encoding="UTF-8"?>
<!-- Generated by org.testng.reporters.JUnitReportReporter -->
<testsuite hostname="Daniels-MacBook-Pro.local" failures="0" tests="24" name="Test_14_A_removeA_emptyList" time="0.006" errors="0" timestamp="2019-11-15T11:56:50 MST" skipped="0">
  <testcase classname="Test_14_A_removeA_emptyList" name="testAddToRear" time="0.000"/>
  <testcase classname="Test_14_A_removeA_emptyList" name="testRemove_invalidElement" time="0.000"/>
  <testcase classname="Test_14_A_removeA_emptyList" name="testRemoveLast" time="0.001"/>
  <testcase classname="Test_14_A_removeA_emptyList" name="testRemove_invalidIndex" time="0.000"/>
  <testcase classname="Test_14_A_removeA_emptyList" name="testToString" time="0.000"/>
  <testcase classname="Test_14_A_removeA_emptyList" name="testListIterator_validIndex" time="0.000"/>
  <testcase classname="Test_14_A_removeA_emptyList" name="testRemoveFirst" time="0.000"/>
  <testcase classname="Test_14_A_removeA_emptyList" name="testContains_invalidElement" time="0.001"/>
  <testcase classname="Test_14_A_removeA_emptyList" name="testListIterator_invalidIndex" time="0.001"/>
  <testcase classname="Test_14_A_removeA_emptyList" name="testSize" time="0.000"/>
  <testcase classname="Test_14_A_removeA_emptyList" name="testAdd" time="0.000"/>
  <testcase classname="Test_14_A_removeA_emptyList" name="testAdd_validIndex" time="0.001"/>
  <testcase classname="Test_14_A_removeA_emptyList" name="testGet" time="0.000"/>
  <testcase classname="Test_14_A_removeA_emptyList" name="testAdd_invalidIndex" time="0.001"/>
  <testcase classname="Test_14_A_removeA_emptyList" name="testAdd_invalidIndex" time="0.001"/>
  <testcase classname="Test_14_A_removeA_emptyList" name="testLast" time="0.000"/>
  <testcase classname="Test_14_A_removeA_emptyList" name="testAddToFront" time="0.000"/>
  <testcase classname="Test_14_A_removeA_emptyList" name="testIndexOf_invalidElement" time="0.000"/>
  <testcase classname="Test_14_A_removeA_emptyList" name="testIsEmpty" time="0.000"/>
  <testcase classname="Test_14_A_removeA_emptyList" name="testAddAfter_invalidElement" time="0.000"/>
  <testcase classname="Test_14_A_removeA_emptyList" name="testIterator" time="0.000"/>
  <testcase classname="Test_14_A_removeA_emptyList" name="testListIterator" time="0.000"/>
  <testcase classname="Test_14_A_removeA_emptyList" name="testSet" time="0.000"/>
  <testcase classname="Test_14_A_removeA_emptyList" name="testFirst" time="0.000"/>
</testsuite> <!-- Test_14_A_removeA_emptyList -->
