<?xml version="1.0" encoding="UTF-8"?>
<!-- Generated by org.testng.reporters.JUnitReportReporter -->
<testsuite hostname="Daniels-MacBook-Pro.local" failures="0" tests="3" name="ItrTest_1_emptyList" time="0.014" errors="0" timestamp="2019-11-15T11:56:58 MST" skipped="0">
  <testcase classname="ItrTest_1_emptyList" name="testItr_next" time="0.001"/>
  <testcase classname="ItrTest_1_emptyList" name="testItr_remove" time="0.002"/>
  <testcase classname="ItrTest_1_emptyList" name="testItr_hasNext" time="0.011"/>
</testsuite> <!-- ItrTest_1_emptyList -->
