<?xml version="1.0" encoding="UTF-8"?>
<!-- Generated by org.testng.reporters.JUnitReportReporter -->
<testsuite hostname="Daniels-MacBook-Pro.local" failures="0" tests="45" name="Test_39_ABC_remove1_AC" time="0.027" errors="0" timestamp="2019-11-15T11:56:50 MST" skipped="0">
  <testcase classname="Test_39_ABC_remove1_AC" name="testSet_invalidIndex" time="0.002"/>
  <testcase classname="Test_39_ABC_remove1_AC" name="testListIterator_validIndex" time="0.000"/>
  <testcase classname="Test_39_ABC_remove1_AC" name="testRemove_validElement" time="0.000"/>
  <testcase classname="Test_39_ABC_remove1_AC" name="testAdd_invalidIndex" time="0.001"/>
  <testcase classname="Test_39_ABC_remove1_AC" name="testAdd_invalidIndex" time="0.001"/>
  <testcase classname="Test_39_ABC_remove1_AC" name="testAdd_validIndex" time="0.000"/>
  <testcase classname="Test_39_ABC_remove1_AC" name="testContains_validElement" time="0.000"/>
  <testcase classname="Test_39_ABC_remove1_AC" name="testContains_validElement" time="0.000"/>
  <testcase classname="Test_39_ABC_remove1_AC" name="testRemove_validIndex" time="0.000"/>
  <testcase classname="Test_39_ABC_remove1_AC" name="testRemove_validElement" time="0.001"/>
  <testcase classname="Test_39_ABC_remove1_AC" name="testListIterator_validIndex" time="0.000"/>
  <testcase classname="Test_39_ABC_remove1_AC" name="testRemove_invalidIndex" time="0.001"/>
  <testcase classname="Test_39_ABC_remove1_AC" name="testSet_validIndex" time="0.000"/>
  <testcase classname="Test_39_ABC_remove1_AC" name="testGet_invalidIndex" time="0.001"/>
  <testcase classname="Test_39_ABC_remove1_AC" name="testContains_invalidElement" time="0.000"/>
  <testcase classname="Test_39_ABC_remove1_AC" name="testAdd" time="0.000"/>
  <testcase classname="Test_39_ABC_remove1_AC" name="testRemove_validIndex" time="0.000"/>
  <testcase classname="Test_39_ABC_remove1_AC" name="testAddToFront" time="0.001"/>
  <testcase classname="Test_39_ABC_remove1_AC" name="testAddAfter_validElement" time="0.000"/>
  <testcase classname="Test_39_ABC_remove1_AC" name="testListIterator_invalidIndex" time="0.000"/>
  <testcase classname="Test_39_ABC_remove1_AC" name="testSet_validIndex" time="0.000"/>
  <testcase classname="Test_39_ABC_remove1_AC" name="testListIterator_invalidIndex" time="0.000"/>
  <testcase classname="Test_39_ABC_remove1_AC" name="testIndexOf" time="0.000"/>
  <testcase classname="Test_39_ABC_remove1_AC" name="testSet_invalidIndex" time="0.001"/>
  <testcase classname="Test_39_ABC_remove1_AC" name="testRemoveFirst" time="0.000"/>
  <testcase classname="Test_39_ABC_remove1_AC" name="testSize" time="0.000"/>
  <testcase classname="Test_39_ABC_remove1_AC" name="testGet_validIndex" time="0.000"/>
  <testcase classname="Test_39_ABC_remove1_AC" name="testIndexOf" time="0.000"/>
  <testcase classname="Test_39_ABC_remove1_AC" name="testListIterator" time="0.000"/>
  <testcase classname="Test_39_ABC_remove1_AC" name="testIterator" time="0.000"/>
  <testcase classname="Test_39_ABC_remove1_AC" name="testIsEmpty" time="0.001"/>
  <testcase classname="Test_39_ABC_remove1_AC" name="testLast" time="0.000"/>
  <testcase classname="Test_39_ABC_remove1_AC" name="testListIterator_validIndex" time="0.000"/>
  <testcase classname="Test_39_ABC_remove1_AC" name="testIndexOf" time="0.000"/>
  <testcase classname="Test_39_ABC_remove1_AC" name="testRemove_invalidElement" time="0.000"/>
  <testcase classname="Test_39_ABC_remove1_AC" name="testAddAfter_invalidElement" time="0.001"/>
  <testcase classname="Test_39_ABC_remove1_AC" name="testGet_invalidIndex" time="0.001"/>
  <testcase classname="Test_39_ABC_remove1_AC" name="testRemove_invalidIndex" time="0.001"/>
  <testcase classname="Test_39_ABC_remove1_AC" name="testFirst" time="0.001"/>
  <testcase classname="Test_39_ABC_remove1_AC" name="testAddAfter_validElement" time="0.001"/>
  <testcase classname="Test_39_ABC_remove1_AC" name="testAdd_validIndex" time="0.009"/>
  <testcase classname="Test_39_ABC_remove1_AC" name="testRemoveLast" time="0.001"/>
  <testcase classname="Test_39_ABC_remove1_AC" name="testAddToRear" time="0.000"/>
  <testcase classname="Test_39_ABC_remove1_AC" name="testAdd_validIndex" time="0.001"/>
  <testcase classname="Test_39_ABC_remove1_AC" name="testGet_validIndex" time="0.001"/>
</testsuite> <!-- Test_39_ABC_remove1_AC -->
