<?xml version="1.0" encoding="UTF-8"?>
<!-- Generated by org.testng.reporters.JUnitReportReporter -->
<testsuite hostname="Daniels-MacBook-Pro.local" failures="0" tests="10" name="A_Tests" time="0.007" errors="0" timestamp="2019-10-24T10:32:00 MDT" skipped="0">
  <testcase classname="A_Tests" name="testSet_0B" time="0.000"/>
  <testcase classname="A_Tests" name="testAddToFront_B" time="0.000"/>
  <testcase classname="A_Tests" name="testAddToRear_B" time="0.000"/>
  <testcase classname="A_Tests" name="testRemoveLast" time="0.001"/>
  <testcase classname="A_Tests" name="testRemove_A" time="0.002"/>
  <testcase classname="A_Tests" name="testRemoveFirst" time="0.000"/>
  <testcase classname="A_Tests" name="testRemove_0" time="0.001"/>
  <testcase classname="A_Tests" name="testAdd_0B" time="0.001"/>
  <testcase classname="A_Tests" name="testAddAfter_BA" time="0.001"/>
  <testcase classname="A_Tests" name="testAdd_1B" time="0.001"/>
</testsuite> <!-- A_Tests -->
