<?xml version="1.0" encoding="UTF-8"?>
<!-- Generated by org.testng.reporters.JUnitReportReporter -->
<testsuite hostname="daniels-mbp.boisestate.edu" failures="0" tests="18" name="ItrTest_39_ABC_remove2_AB" time="0.020" errors="0" timestamp="2019-11-01T17:22:44 MDT" skipped="0">
  <testcase classname="ItrTest_39_ABC_remove2_AB" name="testItrNext_next" time="0.001"/>
  <testcase classname="ItrTest_39_ABC_remove2_AB" name="testItrNextRemoveNext_hasNext" time="0.000"/>
  <testcase classname="ItrTest_39_ABC_remove2_AB" name="testItrNextRemove_next" time="0.008"/>
  <testcase classname="ItrTest_39_ABC_remove2_AB" name="testItrNextRemoveNext_remove" time="0.000"/>
  <testcase classname="ItrTest_39_ABC_remove2_AB" name="testItrNextRemoveNext_next" time="0.000"/>
  <testcase classname="ItrTest_39_ABC_remove2_AB" name="testItrNextNext_hasNext" time="0.001"/>
  <testcase classname="ItrTest_39_ABC_remove2_AB" name="testItr_remove" time="0.001"/>
  <testcase classname="ItrTest_39_ABC_remove2_AB" name="testItrNextRemove_hasNext" time="0.001"/>
  <testcase classname="ItrTest_39_ABC_remove2_AB" name="testItrNextNext_next" time="0.000"/>
  <testcase classname="ItrTest_39_ABC_remove2_AB" name="testItrNextRemove_remove" time="0.000"/>
  <testcase classname="ItrTest_39_ABC_remove2_AB" name="testItrNextNextRemove_hasNext" time="0.000"/>
  <testcase classname="ItrTest_39_ABC_remove2_AB" name="testItr_next" time="0.001"/>
  <testcase classname="ItrTest_39_ABC_remove2_AB" name="testItr_hasNext" time="0.000"/>
  <testcase classname="ItrTest_39_ABC_remove2_AB" name="testItrNextNextRemove_remove" time="0.000"/>
  <testcase classname="ItrTest_39_ABC_remove2_AB" name="testItrNextNext_remove" time="0.006"/>
  <testcase classname="ItrTest_39_ABC_remove2_AB" name="testItrNext_hasNext" time="0.000"/>
  <testcase classname="ItrTest_39_ABC_remove2_AB" name="testItrNext_remove" time="0.001"/>
  <testcase classname="ItrTest_39_ABC_remove2_AB" name="testItrNextNextRemove_next" time="0.000"/>
</testsuite> <!-- ItrTest_39_ABC_remove2_AB -->
