<?xml version="1.0" encoding="UTF-8"?>
<!-- Generated by org.testng.reporters.JUnitReportReporter -->
<testsuite hostname="daniels-mbp.boisestate.edu" failures="0" tests="18" name="ItrTest_34_ABC_removeA_BC" time="0.021" errors="0" timestamp="2019-11-01T17:22:44 MDT" skipped="0">
  <testcase classname="ItrTest_34_ABC_removeA_BC" name="testItrNextRemoveNext_next" time="0.004"/>
  <testcase classname="ItrTest_34_ABC_removeA_BC" name="testItrNextNext_hasNext" time="0.001"/>
  <testcase classname="ItrTest_34_ABC_removeA_BC" name="testItrNextNext_next" time="0.001"/>
  <testcase classname="ItrTest_34_ABC_removeA_BC" name="testItrNext_hasNext" time="0.001"/>
  <testcase classname="ItrTest_34_ABC_removeA_BC" name="testItrNextNextRemove_next" time="0.002"/>
  <testcase classname="ItrTest_34_ABC_removeA_BC" name="testItr_next" time="0.000"/>
  <testcase classname="ItrTest_34_ABC_removeA_BC" name="testItrNextRemoveNext_remove" time="0.001"/>
  <testcase classname="ItrTest_34_ABC_removeA_BC" name="testItrNextRemoveNext_hasNext" time="0.001"/>
  <testcase classname="ItrTest_34_ABC_removeA_BC" name="testItrNextNextRemove_remove" time="0.002"/>
  <testcase classname="ItrTest_34_ABC_removeA_BC" name="testItrNextRemove_hasNext" time="0.001"/>
  <testcase classname="ItrTest_34_ABC_removeA_BC" name="testItr_hasNext" time="0.002"/>
  <testcase classname="ItrTest_34_ABC_removeA_BC" name="testItrNext_next" time="0.002"/>
  <testcase classname="ItrTest_34_ABC_removeA_BC" name="testItrNext_remove" time="0.001"/>
  <testcase classname="ItrTest_34_ABC_removeA_BC" name="testItrNextRemove_remove" time="0.000"/>
  <testcase classname="ItrTest_34_ABC_removeA_BC" name="testItrNextNext_remove" time="0.000"/>
  <testcase classname="ItrTest_34_ABC_removeA_BC" name="testItrNextNextRemove_hasNext" time="0.001"/>
  <testcase classname="ItrTest_34_ABC_removeA_BC" name="testItrNextRemove_next" time="0.000"/>
  <testcase classname="ItrTest_34_ABC_removeA_BC" name="testItr_remove" time="0.001"/>
</testsuite> <!-- ItrTest_34_ABC_removeA_BC -->
