<?xml version="1.0" encoding="UTF-8"?>
<!-- Generated by org.testng.reporters.JUnitReportReporter -->
<testsuite hostname="daniels-mbp.boisestate.edu" failures="0" tests="18" name="ItrTest_10_A_addToRearB_AB" time="0.025" errors="0" timestamp="2019-11-01T17:22:44 MDT" skipped="0">
  <testcase classname="ItrTest_10_A_addToRearB_AB" name="testItrNextNextRemove_hasNext" time="0.002"/>
  <testcase classname="ItrTest_10_A_addToRearB_AB" name="testItrNextRemoveNext_remove" time="0.002"/>
  <testcase classname="ItrTest_10_A_addToRearB_AB" name="testItrNextNext_next" time="0.002"/>
  <testcase classname="ItrTest_10_A_addToRearB_AB" name="testItrNextRemove_hasNext" time="0.001"/>
  <testcase classname="ItrTest_10_A_addToRearB_AB" name="testItrNextNext_remove" time="0.001"/>
  <testcase classname="ItrTest_10_A_addToRearB_AB" name="testItr_remove" time="0.001"/>
  <testcase classname="ItrTest_10_A_addToRearB_AB" name="testItrNextNextRemove_remove" time="0.001"/>
  <testcase classname="ItrTest_10_A_addToRearB_AB" name="testItrNextNextRemove_next" time="0.001"/>
  <testcase classname="ItrTest_10_A_addToRearB_AB" name="testItrNext_next" time="0.001"/>
  <testcase classname="ItrTest_10_A_addToRearB_AB" name="testItrNextRemove_next" time="0.002"/>
  <testcase classname="ItrTest_10_A_addToRearB_AB" name="testItrNextNext_hasNext" time="0.001"/>
  <testcase classname="ItrTest_10_A_addToRearB_AB" name="testItrNextRemoveNext_hasNext" time="0.001"/>
  <testcase classname="ItrTest_10_A_addToRearB_AB" name="testItrNextRemove_remove" time="0.002"/>
  <testcase classname="ItrTest_10_A_addToRearB_AB" name="testItr_next" time="0.001"/>
  <testcase classname="ItrTest_10_A_addToRearB_AB" name="testItr_hasNext" time="0.001"/>
  <testcase classname="ItrTest_10_A_addToRearB_AB" name="testItrNextRemoveNext_next" time="0.003"/>
  <testcase classname="ItrTest_10_A_addToRearB_AB" name="testItrNext_remove" time="0.001"/>
  <testcase classname="ItrTest_10_A_addToRearB_AB" name="testItrNext_hasNext" time="0.001"/>
</testsuite> <!-- ItrTest_10_A_addToRearB_AB -->
