<?xml version="1.0" encoding="UTF-8"?>
<!-- Generated by org.testng.reporters.JUnitReportReporter -->
<testsuite hostname="daniels-mbp.boisestate.edu" failures="0" tests="18" name="ItrTest_14_A_add0B_BA" time="0.020" errors="0" timestamp="2019-11-01T17:22:44 MDT" skipped="0">
  <testcase classname="ItrTest_14_A_add0B_BA" name="testItrNextRemoveNext_hasNext" time="0.001"/>
  <testcase classname="ItrTest_14_A_add0B_BA" name="testItrNextRemoveNext_remove" time="0.002"/>
  <testcase classname="ItrTest_14_A_add0B_BA" name="testItrNext_remove" time="0.001"/>
  <testcase classname="ItrTest_14_A_add0B_BA" name="testItr_next" time="0.000"/>
  <testcase classname="ItrTest_14_A_add0B_BA" name="testItrNextNextRemove_next" time="0.000"/>
  <testcase classname="ItrTest_14_A_add0B_BA" name="testItrNextNext_next" time="0.002"/>
  <testcase classname="ItrTest_14_A_add0B_BA" name="testItrNext_next" time="0.003"/>
  <testcase classname="ItrTest_14_A_add0B_BA" name="testItrNextNextRemove_remove" time="0.000"/>
  <testcase classname="ItrTest_14_A_add0B_BA" name="testItrNextRemove_remove" time="0.001"/>
  <testcase classname="ItrTest_14_A_add0B_BA" name="testItrNextRemove_next" time="0.000"/>
  <testcase classname="ItrTest_14_A_add0B_BA" name="testItr_remove" time="0.001"/>
  <testcase classname="ItrTest_14_A_add0B_BA" name="testItrNextNextRemove_hasNext" time="0.002"/>
  <testcase classname="ItrTest_14_A_add0B_BA" name="testItrNextNext_remove" time="0.000"/>
  <testcase classname="ItrTest_14_A_add0B_BA" name="testItr_hasNext" time="0.001"/>
  <testcase classname="ItrTest_14_A_add0B_BA" name="testItrNextNext_hasNext" time="0.002"/>
  <testcase classname="ItrTest_14_A_add0B_BA" name="testItrNextRemoveNext_next" time="0.000"/>
  <testcase classname="ItrTest_14_A_add0B_BA" name="testItrNext_hasNext" time="0.002"/>
  <testcase classname="ItrTest_14_A_add0B_BA" name="testItrNextRemove_hasNext" time="0.002"/>
</testsuite> <!-- ItrTest_14_A_add0B_BA -->
