<?xml version="1.0" encoding="UTF-8"?>
<!-- Generated by org.testng.reporters.JUnitReportReporter -->
<testsuite hostname="Daniels-MacBook-Pro.local" failures="0" tests="1" name="ConstructorTest" time="0.011" errors="0" timestamp="2019-10-24T10:32:00 MDT" skipped="0">
  <testcase classname="ConstructorTest" name="testConstructor" time="0.011"/>
</testsuite> <!-- ConstructorTest -->
