<?xml version="1.0" encoding="UTF-8"?>
<!-- Generated by org.testng.reporters.JUnitReportReporter -->
<testsuite hostname="daniels-mbp.boisestate.edu" failures="0" tests="27" name="ItrTest_30_AB_add1C_ACB" time="0.012" errors="0" timestamp="2019-11-01T17:22:44 MDT" skipped="0">
  <testcase classname="ItrTest_30_AB_add1C_ACB" name="testItrNextRemove_hasNext" time="0.001"/>
  <testcase classname="ItrTest_30_AB_add1C_ACB" name="testItrNext_hasNext" time="0.000"/>
  <testcase classname="ItrTest_30_AB_add1C_ACB" name="testItrNextRemoveNext_next" time="0.000"/>
  <testcase classname="ItrTest_30_AB_add1C_ACB" name="testItrNextNext_hasNext" time="0.000"/>
  <testcase classname="ItrTest_30_AB_add1C_ACB" name="testItrNext_next" time="0.000"/>
  <testcase classname="ItrTest_30_AB_add1C_ACB" name="testItrNextRemove_remove" time="0.000"/>
  <testcase classname="ItrTest_30_AB_add1C_ACB" name="testItrNextRemoveNext_hasNext" time="0.001"/>
  <testcase classname="ItrTest_30_AB_add1C_ACB" name="testItrNextNextNextRemove_next" time="0.000"/>
  <testcase classname="ItrTest_30_AB_add1C_ACB" name="testItrNext_remove" time="0.000"/>
  <testcase classname="ItrTest_30_AB_add1C_ACB" name="testItrNextNextNextRemove_hasNext" time="0.000"/>
  <testcase classname="ItrTest_30_AB_add1C_ACB" name="testItr_remove" time="0.000"/>
  <testcase classname="ItrTest_30_AB_add1C_ACB" name="testItrNextNextRemoveNext_next" time="0.000"/>
  <testcase classname="ItrTest_30_AB_add1C_ACB" name="testItrNextNextRemoveNext_hasNext" time="0.000"/>
  <testcase classname="ItrTest_30_AB_add1C_ACB" name="testItrNextRemoveNext_remove" time="0.001"/>
  <testcase classname="ItrTest_30_AB_add1C_ACB" name="testItrNextNextRemove_next" time="0.001"/>
  <testcase classname="ItrTest_30_AB_add1C_ACB" name="testItrNextNextNext_hasNext" time="0.000"/>
  <testcase classname="ItrTest_30_AB_add1C_ACB" name="testItrNextNextRemove_hasNext" time="0.000"/>
  <testcase classname="ItrTest_30_AB_add1C_ACB" name="testItrNextNextNextRemove_remove" time="0.001"/>
  <testcase classname="ItrTest_30_AB_add1C_ACB" name="testItrNextNextNext_remove" time="0.001"/>
  <testcase classname="ItrTest_30_AB_add1C_ACB" name="testItrNextNextRemoveNext_remove" time="0.001"/>
  <testcase classname="ItrTest_30_AB_add1C_ACB" name="testItr_next" time="0.001"/>
  <testcase classname="ItrTest_30_AB_add1C_ACB" name="testItr_hasNext" time="0.001"/>
  <testcase classname="ItrTest_30_AB_add1C_ACB" name="testItrNextNext_remove" time="0.000"/>
  <testcase classname="ItrTest_30_AB_add1C_ACB" name="testItrNextNextRemove_remove" time="0.001"/>
  <testcase classname="ItrTest_30_AB_add1C_ACB" name="testItrNextNext_next" time="0.001"/>
  <testcase classname="ItrTest_30_AB_add1C_ACB" name="testItrNextNextNext_next" time="0.001"/>
  <testcase classname="ItrTest_30_AB_add1C_ACB" name="testItrNextRemove_next" time="0.000"/>
</testsuite> <!-- ItrTest_30_AB_add1C_ACB -->
