<?xml version="1.0" encoding="UTF-8"?>
<!-- Generated by org.testng.reporters.JUnitReportReporter -->
<testsuite hostname="daniels-mbp.boisestate.edu" failures="0" tests="27" name="ItrTest_42_ABC_set2D_ABD" time="0.014" errors="0" timestamp="2019-11-01T17:22:44 MDT" skipped="0">
  <testcase classname="ItrTest_42_ABC_set2D_ABD" name="testItrNextNextNext_remove" time="0.000"/>
  <testcase classname="ItrTest_42_ABC_set2D_ABD" name="testItrNext_remove" time="0.000"/>
  <testcase classname="ItrTest_42_ABC_set2D_ABD" name="testItrNextNextRemoveNext_hasNext" time="0.000"/>
  <testcase classname="ItrTest_42_ABC_set2D_ABD" name="testItrNextNextRemoveNext_next" time="0.001"/>
  <testcase classname="ItrTest_42_ABC_set2D_ABD" name="testItrNextRemove_remove" time="0.001"/>
  <testcase classname="ItrTest_42_ABC_set2D_ABD" name="testItrNextNextRemove_hasNext" time="0.000"/>
  <testcase classname="ItrTest_42_ABC_set2D_ABD" name="testItrNextNext_remove" time="0.000"/>
  <testcase classname="ItrTest_42_ABC_set2D_ABD" name="testItrNext_next" time="0.000"/>
  <testcase classname="ItrTest_42_ABC_set2D_ABD" name="testItrNextNextNextRemove_remove" time="0.000"/>
  <testcase classname="ItrTest_42_ABC_set2D_ABD" name="testItr_remove" time="0.000"/>
  <testcase classname="ItrTest_42_ABC_set2D_ABD" name="testItr_next" time="0.000"/>
  <testcase classname="ItrTest_42_ABC_set2D_ABD" name="testItrNext_hasNext" time="0.003"/>
  <testcase classname="ItrTest_42_ABC_set2D_ABD" name="testItr_hasNext" time="0.001"/>
  <testcase classname="ItrTest_42_ABC_set2D_ABD" name="testItrNextRemove_next" time="0.000"/>
  <testcase classname="ItrTest_42_ABC_set2D_ABD" name="testItrNextNextNext_hasNext" time="0.000"/>
  <testcase classname="ItrTest_42_ABC_set2D_ABD" name="testItrNextRemoveNext_hasNext" time="0.001"/>
  <testcase classname="ItrTest_42_ABC_set2D_ABD" name="testItrNextRemoveNext_next" time="0.001"/>
  <testcase classname="ItrTest_42_ABC_set2D_ABD" name="testItrNextNextRemove_next" time="0.000"/>
  <testcase classname="ItrTest_42_ABC_set2D_ABD" name="testItrNextNextRemoveNext_remove" time="0.001"/>
  <testcase classname="ItrTest_42_ABC_set2D_ABD" name="testItrNextNextNextRemove_next" time="0.000"/>
  <testcase classname="ItrTest_42_ABC_set2D_ABD" name="testItrNextNext_hasNext" time="0.001"/>
  <testcase classname="ItrTest_42_ABC_set2D_ABD" name="testItrNextNextRemove_remove" time="0.004"/>
  <testcase classname="ItrTest_42_ABC_set2D_ABD" name="testItrNextNext_next" time="0.000"/>
  <testcase classname="ItrTest_42_ABC_set2D_ABD" name="testItrNextNextNextRemove_hasNext" time="0.000"/>
  <testcase classname="ItrTest_42_ABC_set2D_ABD" name="testItrNextRemove_hasNext" time="0.000"/>
  <testcase classname="ItrTest_42_ABC_set2D_ABD" name="testItrNextRemoveNext_remove" time="0.000"/>
  <testcase classname="ItrTest_42_ABC_set2D_ABD" name="testItrNextNextNext_next" time="0.000"/>
</testsuite> <!-- ItrTest_42_ABC_set2D_ABD -->
