<?xml version="1.0" encoding="UTF-8"?>
<!-- Generated by org.testng.reporters.JUnitReportReporter -->
<testsuite hostname="Daniels-MacBook-Pro.local" failures="0" tests="4" name="EmptyListTests" time="0.005" errors="0" timestamp="2019-10-24T10:32:00 MDT" skipped="0">
  <testcase classname="EmptyListTests" name="testAddToRear_A" time="0.001"/>
  <testcase classname="EmptyListTests" name="testAdd_0A" time="0.001"/>
  <testcase classname="EmptyListTests" name="testAddToFront_A" time="0.001"/>
  <testcase classname="EmptyListTests" name="testAdd_A" time="0.002"/>
</testsuite> <!-- EmptyListTests -->
