<?xml version="1.0" encoding="UTF-8"?>
<!-- Generated by org.testng.reporters.JUnitReportReporter -->
<testsuite hostname="daniels-mbp.boisestate.edu" failures="0" tests="9" name="ItrTest_5_emptyList_add0A_A" time="0.006" errors="0" timestamp="2019-11-01T17:22:44 MDT" skipped="0">
  <testcase classname="ItrTest_5_emptyList_add0A_A" name="testItrNextRemove_next" time="0.001"/>
  <testcase classname="ItrTest_5_emptyList_add0A_A" name="testItrNext_hasNext" time="0.000"/>
  <testcase classname="ItrTest_5_emptyList_add0A_A" name="testItrNext_next" time="0.001"/>
  <testcase classname="ItrTest_5_emptyList_add0A_A" name="testItrNextRemove_remove" time="0.000"/>
  <testcase classname="ItrTest_5_emptyList_add0A_A" name="testItrNext_remove" time="0.001"/>
  <testcase classname="ItrTest_5_emptyList_add0A_A" name="testItr_next" time="0.001"/>
  <testcase classname="ItrTest_5_emptyList_add0A_A" name="testItrNextRemove_hasNext" time="0.001"/>
  <testcase classname="ItrTest_5_emptyList_add0A_A" name="testItr_hasNext" time="0.000"/>
  <testcase classname="ItrTest_5_emptyList_add0A_A" name="testItr_remove" time="0.001"/>
</testsuite> <!-- ItrTest_5_emptyList_add0A_A -->
