<?xml version="1.0" encoding="UTF-8"?>
<!-- Generated by org.testng.reporters.JUnitReportReporter -->
<testsuite hostname="daniels-mbp.boisestate.edu" failures="0" tests="3" name="ItrTest_1_emptyList" time="0.016" errors="0" timestamp="2019-11-01T17:22:44 MDT" skipped="0">
  <testcase classname="ItrTest_1_emptyList" name="testItr_next" time="0.002"/>
  <testcase classname="ItrTest_1_emptyList" name="testItr_remove" time="0.001"/>
  <testcase classname="ItrTest_1_emptyList" name="testItr_hasNext" time="0.013"/>
</testsuite> <!-- ItrTest_1_emptyList -->
