<?xml version="1.0" encoding="UTF-8"?>
<!-- Generated by org.testng.reporters.JUnitReportReporter -->
<testsuite hostname="daniels-mbp.boisestate.edu" failures="0" tests="27" name="ItrTest_41_ABC_set1D_ADC" time="0.020" errors="0" timestamp="2019-11-01T17:22:45 MDT" skipped="0">
  <testcase classname="ItrTest_41_ABC_set1D_ADC" name="testItrNextNext_hasNext" time="0.002"/>
  <testcase classname="ItrTest_41_ABC_set1D_ADC" name="testItrNext_next" time="0.000"/>
  <testcase classname="ItrTest_41_ABC_set1D_ADC" name="testItrNext_hasNext" time="0.002"/>
  <testcase classname="ItrTest_41_ABC_set1D_ADC" name="testItrNextNextNext_remove" time="0.001"/>
  <testcase classname="ItrTest_41_ABC_set1D_ADC" name="testItrNextRemove_next" time="0.000"/>
  <testcase classname="ItrTest_41_ABC_set1D_ADC" name="testItrNextNextNext_next" time="0.001"/>
  <testcase classname="ItrTest_41_ABC_set1D_ADC" name="testItrNextNext_next" time="0.000"/>
  <testcase classname="ItrTest_41_ABC_set1D_ADC" name="testItrNextRemoveNext_hasNext" time="0.001"/>
  <testcase classname="ItrTest_41_ABC_set1D_ADC" name="testItrNextNextRemove_remove" time="0.001"/>
  <testcase classname="ItrTest_41_ABC_set1D_ADC" name="testItrNextNextRemove_next" time="0.000"/>
  <testcase classname="ItrTest_41_ABC_set1D_ADC" name="testItrNextNextNextRemove_next" time="0.001"/>
  <testcase classname="ItrTest_41_ABC_set1D_ADC" name="testItrNextNextNextRemove_hasNext" time="0.000"/>
  <testcase classname="ItrTest_41_ABC_set1D_ADC" name="testItrNextNextNextRemove_remove" time="0.001"/>
  <testcase classname="ItrTest_41_ABC_set1D_ADC" name="testItrNextRemove_remove" time="0.001"/>
  <testcase classname="ItrTest_41_ABC_set1D_ADC" name="testItrNextNext_remove" time="0.000"/>
  <testcase classname="ItrTest_41_ABC_set1D_ADC" name="testItr_hasNext" time="0.000"/>
  <testcase classname="ItrTest_41_ABC_set1D_ADC" name="testItrNextRemoveNext_remove" time="0.000"/>
  <testcase classname="ItrTest_41_ABC_set1D_ADC" name="testItr_remove" time="0.000"/>
  <testcase classname="ItrTest_41_ABC_set1D_ADC" name="testItrNextNextRemoveNext_next" time="0.005"/>
  <testcase classname="ItrTest_41_ABC_set1D_ADC" name="testItrNext_remove" time="0.000"/>
  <testcase classname="ItrTest_41_ABC_set1D_ADC" name="testItrNextRemoveNext_next" time="0.002"/>
  <testcase classname="ItrTest_41_ABC_set1D_ADC" name="testItrNextNextRemove_hasNext" time="0.000"/>
  <testcase classname="ItrTest_41_ABC_set1D_ADC" name="testItrNextNextRemoveNext_remove" time="0.000"/>
  <testcase classname="ItrTest_41_ABC_set1D_ADC" name="testItrNextNextNext_hasNext" time="0.001"/>
  <testcase classname="ItrTest_41_ABC_set1D_ADC" name="testItr_next" time="0.000"/>
  <testcase classname="ItrTest_41_ABC_set1D_ADC" name="testItrNextNextRemoveNext_hasNext" time="0.001"/>
  <testcase classname="ItrTest_41_ABC_set1D_ADC" name="testItrNextRemove_hasNext" time="0.000"/>
</testsuite> <!-- ItrTest_41_ABC_set1D_ADC -->
