<?xml version="1.0" encoding="UTF-8"?>
<!-- Generated by org.testng.reporters.JUnitReportReporter -->
<testsuite hostname="daniels-mbp.boisestate.edu" failures="0" tests="9" name="ItrTest_16_AB_removeFirst_B" time="0.014" errors="0" timestamp="2019-11-01T17:22:44 MDT" skipped="0">
  <testcase classname="ItrTest_16_AB_removeFirst_B" name="testItr_remove" time="0.001"/>
  <testcase classname="ItrTest_16_AB_removeFirst_B" name="testItr_hasNext" time="0.001"/>
  <testcase classname="ItrTest_16_AB_removeFirst_B" name="testItrNextRemove_hasNext" time="0.004"/>
  <testcase classname="ItrTest_16_AB_removeFirst_B" name="testItrNext_hasNext" time="0.002"/>
  <testcase classname="ItrTest_16_AB_removeFirst_B" name="testItr_next" time="0.003"/>
  <testcase classname="ItrTest_16_AB_removeFirst_B" name="testItrNext_remove" time="0.001"/>
  <testcase classname="ItrTest_16_AB_removeFirst_B" name="testItrNextRemove_remove" time="0.001"/>
  <testcase classname="ItrTest_16_AB_removeFirst_B" name="testItrNextRemove_next" time="0.000"/>
  <testcase classname="ItrTest_16_AB_removeFirst_B" name="testItrNext_next" time="0.001"/>
</testsuite> <!-- ItrTest_16_AB_removeFirst_B -->
