<?xml version="1.0" encoding="UTF-8"?>
<!-- Generated by org.testng.reporters.JUnitReportReporter -->
<testsuite hostname="daniels-mbp.boisestate.edu" failures="0" tests="18" name="FormatCheckerTester" time="0.060" errors="0" timestamp="2019-10-02T18:28:49 MDT" skipped="0">
  <testcase classname="FormatCheckerTester" name="testDimensionMismatch" time="0.007"/>
  <testcase classname="FormatCheckerTester" name="testDimensionMismatch" time="0.023"/>
  <testcase classname="FormatCheckerTester" name="testInputMismatchFiles" time="0.002"/>
  <testcase classname="FormatCheckerTester" name="testFileNotFound" time="0.001"/>
  <testcase classname="FormatCheckerTester" name="testInputMismatchFiles" time="0.002"/>
  <testcase classname="FormatCheckerTester" name="testDimensionMismatch" time="0.001"/>
  <testcase classname="FormatCheckerTester" name="testInputMismatchFiles" time="0.001"/>
  <testcase classname="FormatCheckerTester" name="testDimensionMismatch" time="0.002"/>
  <testcase classname="FormatCheckerTester" name="testValidFiles" time="0.002"/>
  <testcase classname="FormatCheckerTester" name="testDimensionMismatch" time="0.002"/>
  <testcase classname="FormatCheckerTester" name="testInputMismatchFiles" time="0.002"/>
  <testcase classname="FormatCheckerTester" name="testValidFiles" time="0.003"/>
  <testcase classname="FormatCheckerTester" name="testInputMismatchFiles" time="0.002"/>
  <testcase classname="FormatCheckerTester" name="testDimensionMismatch" time="0.003"/>
  <testcase classname="FormatCheckerTester" name="testDimensionMismatch" time="0.002"/>
  <testcase classname="FormatCheckerTester" name="testValidFiles" time="0.002"/>
  <testcase classname="FormatCheckerTester" name="testDimensionMismatch" time="0.002"/>
  <testcase classname="FormatCheckerTester" name="testInputMismatchFiles" time="0.001"/>
</testsuite> <!-- FormatCheckerTester -->
