<?xml version="1.0" encoding="UTF-8"?>
<!-- Generated by org.testng.reporters.JUnitReportReporter -->
<testsuite hostname="Daniels-MacBook-Pro.local" failures="0" tests="54" name="ListItrTest_13_A_set0B_B" time="0.049" errors="0" timestamp="2019-12-06T12:02:18 MST" skipped="0">
  <testcase classname="ListItrTest_13_A_set0B_B" name="testListItrNextPrevRemove_previousIndex" time="0.000"/>
  <testcase classname="ListItrTest_13_A_set0B_B" name="testListItrNextPrev_previous" time="0.000"/>
  <testcase classname="ListItrTest_13_A_set0B_B" name="testListItrNextPrevRemove_remove" time="0.000"/>
  <testcase classname="ListItrTest_13_A_set0B_B" name="testListItrNextAdd_remove" time="0.000"/>
  <testcase classname="ListItrTest_13_A_set0B_B" name="testListItrNextPrev_next" time="0.000"/>
  <testcase classname="ListItrTest_13_A_set0B_B" name="testListItrNextAdd_next" time="0.000"/>
  <testcase classname="ListItrTest_13_A_set0B_B" name="testListItrNextPrevAdd_set" time="0.000"/>
  <testcase classname="ListItrTest_13_A_set0B_B" name="testListItrAdd_previousIndex" time="0.000"/>
  <testcase classname="ListItrTest_13_A_set0B_B" name="testListItrNextAdd_previous" time="0.002"/>
  <testcase classname="ListItrTest_13_A_set0B_B" name="testListItrNextPrevAdd_remove" time="0.000"/>
  <testcase classname="ListItrTest_13_A_set0B_B" name="testListItr_add" time="0.000"/>
  <testcase classname="ListItrTest_13_A_set0B_B" name="testListItr_hasNext" time="0.001"/>
  <testcase classname="ListItrTest_13_A_set0B_B" name="testListItrNextPrev_hasNext" time="0.000"/>
  <testcase classname="ListItrTest_13_A_set0B_B" name="testListItrNextPrevRemove_nextIndex" time="0.001"/>
  <testcase classname="ListItrTest_13_A_set0B_B" name="testListItrNextPrevRemove_hasNext" time="0.000"/>
  <testcase classname="ListItrTest_13_A_set0B_B" name="testListItrNextAdd_previousIndex" time="0.000"/>
  <testcase classname="ListItrTest_13_A_set0B_B" name="testListItrNextPrevAdd_hasPrevious" time="0.000"/>
  <testcase classname="ListItrTest_13_A_set0B_B" name="testListItrAdd_previous" time="0.000"/>
  <testcase classname="ListItrTest_13_A_set0B_B" name="testListItrNextAdd_hasPrevious" time="0.000"/>
  <testcase classname="ListItrTest_13_A_set0B_B" name="testListItrNextPrev_hasPrevious" time="0.001"/>
  <testcase classname="ListItrTest_13_A_set0B_B" name="testListItr_nextIndex" time="0.038"/>
  <testcase classname="ListItrTest_13_A_set0B_B" name="testListItrNextAdd_set" time="0.000"/>
  <testcase classname="ListItrTest_13_A_set0B_B" name="testListItr_set" time="0.000"/>
  <testcase classname="ListItrTest_13_A_set0B_B" name="testListItrNextPrevRemove_previous" time="0.000"/>
  <testcase classname="ListItrTest_13_A_set0B_B" name="testListItrAdd_set" time="0.000"/>
  <testcase classname="ListItrTest_13_A_set0B_B" name="testListItr_previousIndex" time="0.001"/>
  <testcase classname="ListItrTest_13_A_set0B_B" name="testListItr_hasPrevious" time="0.000"/>
  <testcase classname="ListItrTest_13_A_set0B_B" name="testListItrNextPrev_add" time="0.000"/>
  <testcase classname="ListItrTest_13_A_set0B_B" name="testListItrNextPrev_previousIndex" time="0.000"/>
  <testcase classname="ListItrTest_13_A_set0B_B" name="testListItrNextPrevRemove_set" time="0.000"/>
  <testcase classname="ListItrTest_13_A_set0B_B" name="testListItrNextPrevAdd_add" time="0.000"/>
  <testcase classname="ListItrTest_13_A_set0B_B" name="testListItrNextAdd_hasNext" time="0.000"/>
  <testcase classname="ListItrTest_13_A_set0B_B" name="testListItrAdd_next" time="0.000"/>
  <testcase classname="ListItrTest_13_A_set0B_B" name="testListItrNextPrevAdd_next" time="0.001"/>
  <testcase classname="ListItrTest_13_A_set0B_B" name="testListItrNextPrevRemove_add" time="0.000"/>
  <testcase classname="ListItrTest_13_A_set0B_B" name="testListItrNextAdd_add" time="0.000"/>
  <testcase classname="ListItrTest_13_A_set0B_B" name="testListItrAdd_remove" time="0.000"/>
  <testcase classname="ListItrTest_13_A_set0B_B" name="testListItrAdd_nextIndex" time="0.001"/>
  <testcase classname="ListItrTest_13_A_set0B_B" name="testListItrAdd_add" time="0.000"/>
  <testcase classname="ListItrTest_13_A_set0B_B" name="testListItr_remove" time="0.000"/>
  <testcase classname="ListItrTest_13_A_set0B_B" name="testListItrNextPrevRemove_hasPrevious" time="0.000"/>
  <testcase classname="ListItrTest_13_A_set0B_B" name="testListItr_next" time="0.000"/>
  <testcase classname="ListItrTest_13_A_set0B_B" name="testListItr_previous" time="0.000"/>
  <testcase classname="ListItrTest_13_A_set0B_B" name="testListItrNextPrev_set" time="0.000"/>
  <testcase classname="ListItrTest_13_A_set0B_B" name="testListItrNextPrevAdd_nextIndex" time="0.000"/>
  <testcase classname="ListItrTest_13_A_set0B_B" name="testListItrNextPrevAdd_previousIndex" time="0.000"/>
  <testcase classname="ListItrTest_13_A_set0B_B" name="testListItrAdd_hasNext" time="0.001"/>
  <testcase classname="ListItrTest_13_A_set0B_B" name="testListItrNextPrev_remove" time="0.000"/>
  <testcase classname="ListItrTest_13_A_set0B_B" name="testListItrAdd_hasPrevious" time="0.000"/>
  <testcase classname="ListItrTest_13_A_set0B_B" name="testListItrNextPrevAdd_hasNext" time="0.000"/>
  <testcase classname="ListItrTest_13_A_set0B_B" name="testListItrNextPrevAdd_previous" time="0.001"/>
  <testcase classname="ListItrTest_13_A_set0B_B" name="testListItrNextPrev_nextIndex" time="0.001"/>
  <testcase classname="ListItrTest_13_A_set0B_B" name="testListItrNextAdd_nextIndex" time="0.000"/>
  <testcase classname="ListItrTest_13_A_set0B_B" name="testListItrNextPrevRemove_next" time="0.000"/>
</testsuite> <!-- ListItrTest_13_A_set0B_B -->
