<?xml version="1.0" encoding="UTF-8"?>
<!-- Generated by org.testng.reporters.JUnitReportReporter -->
<testsuite hostname="Daniels-MacBook-Pro.local" failures="0" tests="18" name="ItrTest_26_AB_set0C_CB" time="0.011" errors="0" timestamp="2019-12-06T12:02:18 MST" skipped="0">
  <testcase classname="ItrTest_26_AB_set0C_CB" name="testItrNextRemoveNext_hasNext" time="0.000"/>
  <testcase classname="ItrTest_26_AB_set0C_CB" name="testItrNextNextRemove_next" time="0.001"/>
  <testcase classname="ItrTest_26_AB_set0C_CB" name="testItr_hasNext" time="0.000"/>
  <testcase classname="ItrTest_26_AB_set0C_CB" name="testItrNext_hasNext" time="0.000"/>
  <testcase classname="ItrTest_26_AB_set0C_CB" name="testItr_next" time="0.001"/>
  <testcase classname="ItrTest_26_AB_set0C_CB" name="testItrNextRemove_hasNext" time="0.000"/>
  <testcase classname="ItrTest_26_AB_set0C_CB" name="testItrNextRemoveNext_next" time="0.000"/>
  <testcase classname="ItrTest_26_AB_set0C_CB" name="testItrNext_remove" time="0.001"/>
  <testcase classname="ItrTest_26_AB_set0C_CB" name="testItrNextNext_remove" time="0.000"/>
  <testcase classname="ItrTest_26_AB_set0C_CB" name="testItrNextNextRemove_remove" time="0.001"/>
  <testcase classname="ItrTest_26_AB_set0C_CB" name="testItrNextNext_next" time="0.002"/>
  <testcase classname="ItrTest_26_AB_set0C_CB" name="testItrNextRemove_next" time="0.001"/>
  <testcase classname="ItrTest_26_AB_set0C_CB" name="testItrNextNextRemove_hasNext" time="0.000"/>
  <testcase classname="ItrTest_26_AB_set0C_CB" name="testItrNextRemoveNext_remove" time="0.000"/>
  <testcase classname="ItrTest_26_AB_set0C_CB" name="testItrNextNext_hasNext" time="0.001"/>
  <testcase classname="ItrTest_26_AB_set0C_CB" name="testItrNextRemove_remove" time="0.001"/>
  <testcase classname="ItrTest_26_AB_set0C_CB" name="testItrNext_next" time="0.002"/>
  <testcase classname="ItrTest_26_AB_set0C_CB" name="testItr_remove" time="0.000"/>
</testsuite> <!-- ItrTest_26_AB_set0C_CB -->
