<?xml version="1.0" encoding="UTF-8"?>
<!-- Generated by org.testng.reporters.JUnitReportReporter -->
<testsuite hostname="Daniels-MacBook-Pro.local" failures="0" tests="27" name="ItrTest_22_AB_addAfterCA_ACB" time="0.023" errors="0" timestamp="2019-12-06T12:02:18 MST" skipped="0">
  <testcase classname="ItrTest_22_AB_addAfterCA_ACB" name="testItrNextNextRemoveNext_hasNext" time="0.001"/>
  <testcase classname="ItrTest_22_AB_addAfterCA_ACB" name="testItrNext_hasNext" time="0.001"/>
  <testcase classname="ItrTest_22_AB_addAfterCA_ACB" name="testItrNextRemoveNext_remove" time="0.001"/>
  <testcase classname="ItrTest_22_AB_addAfterCA_ACB" name="testItrNextRemove_next" time="0.000"/>
  <testcase classname="ItrTest_22_AB_addAfterCA_ACB" name="testItrNextNextRemove_hasNext" time="0.000"/>
  <testcase classname="ItrTest_22_AB_addAfterCA_ACB" name="testItrNextRemoveNext_next" time="0.001"/>
  <testcase classname="ItrTest_22_AB_addAfterCA_ACB" name="testItrNextNextRemove_remove" time="0.001"/>
  <testcase classname="ItrTest_22_AB_addAfterCA_ACB" name="testItrNextNextNext_next" time="0.002"/>
  <testcase classname="ItrTest_22_AB_addAfterCA_ACB" name="testItrNextNextNextRemove_next" time="0.000"/>
  <testcase classname="ItrTest_22_AB_addAfterCA_ACB" name="testItrNextNextRemoveNext_next" time="0.000"/>
  <testcase classname="ItrTest_22_AB_addAfterCA_ACB" name="testItrNextRemove_hasNext" time="0.001"/>
  <testcase classname="ItrTest_22_AB_addAfterCA_ACB" name="testItrNext_next" time="0.000"/>
  <testcase classname="ItrTest_22_AB_addAfterCA_ACB" name="testItrNextNext_next" time="0.001"/>
  <testcase classname="ItrTest_22_AB_addAfterCA_ACB" name="testItr_remove" time="0.001"/>
  <testcase classname="ItrTest_22_AB_addAfterCA_ACB" name="testItr_next" time="0.001"/>
  <testcase classname="ItrTest_22_AB_addAfterCA_ACB" name="testItrNextRemove_remove" time="0.001"/>
  <testcase classname="ItrTest_22_AB_addAfterCA_ACB" name="testItrNextNextRemoveNext_remove" time="0.001"/>
  <testcase classname="ItrTest_22_AB_addAfterCA_ACB" name="testItr_hasNext" time="0.001"/>
  <testcase classname="ItrTest_22_AB_addAfterCA_ACB" name="testItrNextNextNextRemove_hasNext" time="0.001"/>
  <testcase classname="ItrTest_22_AB_addAfterCA_ACB" name="testItrNextRemoveNext_hasNext" time="0.002"/>
  <testcase classname="ItrTest_22_AB_addAfterCA_ACB" name="testItrNextNextNext_remove" time="0.001"/>
  <testcase classname="ItrTest_22_AB_addAfterCA_ACB" name="testItrNextNextNextRemove_remove" time="0.001"/>
  <testcase classname="ItrTest_22_AB_addAfterCA_ACB" name="testItrNextNext_hasNext" time="0.000"/>
  <testcase classname="ItrTest_22_AB_addAfterCA_ACB" name="testItrNextNext_remove" time="0.002"/>
  <testcase classname="ItrTest_22_AB_addAfterCA_ACB" name="testItrNextNextRemove_next" time="0.000"/>
  <testcase classname="ItrTest_22_AB_addAfterCA_ACB" name="testItrNextNextNext_hasNext" time="0.001"/>
  <testcase classname="ItrTest_22_AB_addAfterCA_ACB" name="testItrNext_remove" time="0.001"/>
</testsuite> <!-- ItrTest_22_AB_addAfterCA_ACB -->
