<?xml version="1.0" encoding="UTF-8"?>
<!-- Generated by org.testng.reporters.JUnitReportReporter -->
<testsuite hostname="Daniels-MacBook-Pro.local" failures="0" tests="126" name="ListItrTest_20_AB_addToFrontC_CAB" time="0.019" errors="0" timestamp="2019-12-06T12:02:18 MST" skipped="0">
  <testcase classname="ListItrTest_20_AB_addToFrontC_CAB" name="testListItrNextNextNextAdd_nextIndex" time="0.001"/>
  <testcase classname="ListItrTest_20_AB_addToFrontC_CAB" name="testListItrNextNextNextPrevRemove_hasPrevious" time="0.000"/>
  <testcase classname="ListItrTest_20_AB_addToFrontC_CAB" name="testListItrNextNextNextPrev_add" time="0.000"/>
  <testcase classname="ListItrTest_20_AB_addToFrontC_CAB" name="testListItrAdd_add" time="0.001"/>
  <testcase classname="ListItrTest_20_AB_addToFrontC_CAB" name="testListItrNextNextPrevAdd_remove" time="0.000"/>
  <testcase classname="ListItrTest_20_AB_addToFrontC_CAB" name="testListItrAdd_next" time="0.000"/>
  <testcase classname="ListItrTest_20_AB_addToFrontC_CAB" name="testListItrNextNextAdd_set" time="0.000"/>
  <testcase classname="ListItrTest_20_AB_addToFrontC_CAB" name="testListItrNextNextPrevRemove_previous" time="0.000"/>
  <testcase classname="ListItrTest_20_AB_addToFrontC_CAB" name="testListItrNextNextNextAdd_hasPrevious" time="0.000"/>
  <testcase classname="ListItrTest_20_AB_addToFrontC_CAB" name="testListItrNextAdd_hasNext" time="0.000"/>
  <testcase classname="ListItrTest_20_AB_addToFrontC_CAB" name="testListItrAdd_nextIndex" time="0.000"/>
  <testcase classname="ListItrTest_20_AB_addToFrontC_CAB" name="testListItrNextNextNextPrevAdd_previous" time="0.000"/>
  <testcase classname="ListItrTest_20_AB_addToFrontC_CAB" name="testListItrNextPrev_nextIndex" time="0.000"/>
  <testcase classname="ListItrTest_20_AB_addToFrontC_CAB" name="testListItrNextNextNextAdd_hasNext" time="0.001"/>
  <testcase classname="ListItrTest_20_AB_addToFrontC_CAB" name="testListItrNextNextNextPrevAdd_set" time="0.000"/>
  <testcase classname="ListItrTest_20_AB_addToFrontC_CAB" name="testListItrNextNextNextPrev_nextIndex" time="0.000"/>
  <testcase classname="ListItrTest_20_AB_addToFrontC_CAB" name="testListItrNextNextAdd_add" time="0.000"/>
  <testcase classname="ListItrTest_20_AB_addToFrontC_CAB" name="testListItr_set" time="0.000"/>
  <testcase classname="ListItrTest_20_AB_addToFrontC_CAB" name="testListItrNextNextPrevAdd_hasPrevious" time="0.000"/>
  <testcase classname="ListItrTest_20_AB_addToFrontC_CAB" name="testListItrNextAdd_remove" time="0.000"/>
  <testcase classname="ListItrTest_20_AB_addToFrontC_CAB" name="testListItrNextPrevRemove_previous" time="0.000"/>
  <testcase classname="ListItrTest_20_AB_addToFrontC_CAB" name="testListItr_hasPrevious" time="0.000"/>
  <testcase classname="ListItrTest_20_AB_addToFrontC_CAB" name="testListItrNextNextAdd_hasPrevious" time="0.000"/>
  <testcase classname="ListItrTest_20_AB_addToFrontC_CAB" name="testListItrNextPrev_hasPrevious" time="0.000"/>
  <testcase classname="ListItrTest_20_AB_addToFrontC_CAB" name="testListItrNextAdd_hasPrevious" time="0.001"/>
  <testcase classname="ListItrTest_20_AB_addToFrontC_CAB" name="testListItrNextPrevAdd_set" time="0.001"/>
  <testcase classname="ListItrTest_20_AB_addToFrontC_CAB" name="testListItrNextNextNextPrevRemove_nextIndex" time="0.000"/>
  <testcase classname="ListItrTest_20_AB_addToFrontC_CAB" name="testListItrNextNextAdd_hasNext" time="0.001"/>
  <testcase classname="ListItrTest_20_AB_addToFrontC_CAB" name="testListItrNextPrevAdd_next" time="0.000"/>
  <testcase classname="ListItrTest_20_AB_addToFrontC_CAB" name="testListItr_add" time="0.000"/>
  <testcase classname="ListItrTest_20_AB_addToFrontC_CAB" name="testListItrNextPrevRemove_hasPrevious" time="0.000"/>
  <testcase classname="ListItrTest_20_AB_addToFrontC_CAB" name="testListItrNextPrevAdd_hasPrevious" time="0.000"/>
  <testcase classname="ListItrTest_20_AB_addToFrontC_CAB" name="testListItrNextNextPrevAdd_hasNext" time="0.000"/>
  <testcase classname="ListItrTest_20_AB_addToFrontC_CAB" name="testListItrNextNextPrev_set" time="0.001"/>
  <testcase classname="ListItrTest_20_AB_addToFrontC_CAB" name="testListItr_previous" time="0.000"/>
  <testcase classname="ListItrTest_20_AB_addToFrontC_CAB" name="testListItrNextNextNextPrevRemove_add" time="0.000"/>
  <testcase classname="ListItrTest_20_AB_addToFrontC_CAB" name="testListItrNextNextAdd_remove" time="0.000"/>
  <testcase classname="ListItrTest_20_AB_addToFrontC_CAB" name="testListItrNextPrevRemove_next" time="0.000"/>
  <testcase classname="ListItrTest_20_AB_addToFrontC_CAB" name="testListItrAdd_hasNext" time="0.000"/>
  <testcase classname="ListItrTest_20_AB_addToFrontC_CAB" name="testListItrNextNextNextPrevRemove_remove" time="0.000"/>
  <testcase classname="ListItrTest_20_AB_addToFrontC_CAB" name="testListItrNextPrev_next" time="0.000"/>
  <testcase classname="ListItrTest_20_AB_addToFrontC_CAB" name="testListItrNextNextAdd_previousIndex" time="0.000"/>
  <testcase classname="ListItrTest_20_AB_addToFrontC_CAB" name="testListItrNextNextPrevRemove_add" time="0.000"/>
  <testcase classname="ListItrTest_20_AB_addToFrontC_CAB" name="testListItrNextNextPrev_add" time="0.000"/>
  <testcase classname="ListItrTest_20_AB_addToFrontC_CAB" name="testListItrNextNextPrev_previousIndex" time="0.000"/>
  <testcase classname="ListItrTest_20_AB_addToFrontC_CAB" name="testListItrNextNextPrevAdd_set" time="0.000"/>
  <testcase classname="ListItrTest_20_AB_addToFrontC_CAB" name="testListItrNextPrevAdd_nextIndex" time="0.000"/>
  <testcase classname="ListItrTest_20_AB_addToFrontC_CAB" name="testListItrNextPrevRemove_remove" time="0.000"/>
  <testcase classname="ListItrTest_20_AB_addToFrontC_CAB" name="testListItrNextNextNextPrev_next" time="0.000"/>
  <testcase classname="ListItrTest_20_AB_addToFrontC_CAB" name="testListItrNextNextPrevAdd_previousIndex" time="0.001"/>
  <testcase classname="ListItrTest_20_AB_addToFrontC_CAB" name="testListItrNextNextNextPrev_remove" time="0.000"/>
  <testcase classname="ListItrTest_20_AB_addToFrontC_CAB" name="testListItrAdd_remove" time="0.000"/>
  <testcase classname="ListItrTest_20_AB_addToFrontC_CAB" name="testListItrNextNextAdd_previous" time="0.000"/>
  <testcase classname="ListItrTest_20_AB_addToFrontC_CAB" name="testListItrNextPrev_hasNext" time="0.000"/>
  <testcase classname="ListItrTest_20_AB_addToFrontC_CAB" name="testListItrNextPrevRemove_hasNext" time="0.000"/>
  <testcase classname="ListItrTest_20_AB_addToFrontC_CAB" name="testListItrNextNextNextPrevAdd_nextIndex" time="0.000"/>
  <testcase classname="ListItrTest_20_AB_addToFrontC_CAB" name="testListItr_hasNext" time="0.000"/>
  <testcase classname="ListItrTest_20_AB_addToFrontC_CAB" name="testListItrNextPrevRemove_previousIndex" time="0.000"/>
  <testcase classname="ListItrTest_20_AB_addToFrontC_CAB" name="testListItrAdd_set" time="0.000"/>
  <testcase classname="ListItrTest_20_AB_addToFrontC_CAB" name="testListItrNextNextNextPrevAdd_previousIndex" time="0.000"/>
  <testcase classname="ListItrTest_20_AB_addToFrontC_CAB" name="testListItrNextPrevAdd_add" time="0.000"/>
  <testcase classname="ListItrTest_20_AB_addToFrontC_CAB" name="testListItrNextNextNextPrev_set" time="0.000"/>
  <testcase classname="ListItrTest_20_AB_addToFrontC_CAB" name="testListItrNextNextPrevRemove_hasNext" time="0.000"/>
  <testcase classname="ListItrTest_20_AB_addToFrontC_CAB" name="testListItrNextPrevRemove_add" time="0.000"/>
  <testcase classname="ListItrTest_20_AB_addToFrontC_CAB" name="testListItrNextPrev_previous" time="0.000"/>
  <testcase classname="ListItrTest_20_AB_addToFrontC_CAB" name="testListItrNextNextPrevAdd_nextIndex" time="0.000"/>
  <testcase classname="ListItrTest_20_AB_addToFrontC_CAB" name="testListItrNextNextNextPrevRemove_next" time="0.000"/>
  <testcase classname="ListItrTest_20_AB_addToFrontC_CAB" name="testListItrNextAdd_set" time="0.000"/>
  <testcase classname="ListItrTest_20_AB_addToFrontC_CAB" name="testListItr_nextIndex" time="0.001"/>
  <testcase classname="ListItrTest_20_AB_addToFrontC_CAB" name="testListItrNextAdd_previous" time="0.000"/>
  <testcase classname="ListItrTest_20_AB_addToFrontC_CAB" name="testListItrNextAdd_add" time="0.000"/>
  <testcase classname="ListItrTest_20_AB_addToFrontC_CAB" name="testListItrNextPrevAdd_hasNext" time="0.001"/>
  <testcase classname="ListItrTest_20_AB_addToFrontC_CAB" name="testListItrNextNextNextAdd_next" time="0.000"/>
  <testcase classname="ListItrTest_20_AB_addToFrontC_CAB" name="testListItrNextAdd_nextIndex" time="0.000"/>
  <testcase classname="ListItrTest_20_AB_addToFrontC_CAB" name="testListItrNextNextPrev_hasNext" time="0.000"/>
  <testcase classname="ListItrTest_20_AB_addToFrontC_CAB" name="testListItrNextNextNextPrev_hasPrevious" time="0.000"/>
  <testcase classname="ListItrTest_20_AB_addToFrontC_CAB" name="testListItrNextNextPrevRemove_next" time="0.000"/>
  <testcase classname="ListItrTest_20_AB_addToFrontC_CAB" name="testListItrNextNextPrev_nextIndex" time="0.000"/>
  <testcase classname="ListItrTest_20_AB_addToFrontC_CAB" name="testListItrNextNextNextPrevRemove_previous" time="0.000"/>
  <testcase classname="ListItrTest_20_AB_addToFrontC_CAB" name="testListItrNextNextNextAdd_add" time="0.000"/>
  <testcase classname="ListItrTest_20_AB_addToFrontC_CAB" name="testListItrNextNextNextPrevAdd_remove" time="0.001"/>
  <testcase classname="ListItrTest_20_AB_addToFrontC_CAB" name="testListItrNextPrevAdd_remove" time="0.000"/>
  <testcase classname="ListItrTest_20_AB_addToFrontC_CAB" name="testListItrNextAdd_next" time="0.000"/>
  <testcase classname="ListItrTest_20_AB_addToFrontC_CAB" name="testListItrNextNextNextAdd_remove" time="0.001"/>
  <testcase classname="ListItrTest_20_AB_addToFrontC_CAB" name="testListItr_next" time="0.000"/>
  <testcase classname="ListItrTest_20_AB_addToFrontC_CAB" name="testListItrNextNextNextPrevRemove_hasNext" time="0.000"/>
  <testcase classname="ListItrTest_20_AB_addToFrontC_CAB" name="testListItrNextNextNextPrevRemove_previousIndex" time="0.000"/>
  <testcase classname="ListItrTest_20_AB_addToFrontC_CAB" name="testListItr_previousIndex" time="0.000"/>
  <testcase classname="ListItrTest_20_AB_addToFrontC_CAB" name="testListItrNextPrevAdd_previous" time="0.000"/>
  <testcase classname="ListItrTest_20_AB_addToFrontC_CAB" name="testListItrNextNextPrev_previous" time="0.000"/>
  <testcase classname="ListItrTest_20_AB_addToFrontC_CAB" name="testListItrNextNextNextPrev_hasNext" time="0.000"/>
  <testcase classname="ListItrTest_20_AB_addToFrontC_CAB" name="testListItrNextNextNextAdd_previousIndex" time="0.000"/>
  <testcase classname="ListItrTest_20_AB_addToFrontC_CAB" name="testListItrNextNextPrevAdd_add" time="0.001"/>
  <testcase classname="ListItrTest_20_AB_addToFrontC_CAB" name="testListItrNextNextNextPrevAdd_add" time="0.001"/>
  <testcase classname="ListItrTest_20_AB_addToFrontC_CAB" name="testListItrNextPrev_remove" time="0.000"/>
  <testcase classname="ListItrTest_20_AB_addToFrontC_CAB" name="testListItrNextNextNextPrevAdd_hasPrevious" time="0.000"/>
  <testcase classname="ListItrTest_20_AB_addToFrontC_CAB" name="testListItrNextNextPrev_hasPrevious" time="0.001"/>
  <testcase classname="ListItrTest_20_AB_addToFrontC_CAB" name="testListItrAdd_previousIndex" time="0.000"/>
  <testcase classname="ListItrTest_20_AB_addToFrontC_CAB" name="testListItrNextNextNextPrevRemove_set" time="0.000"/>
  <testcase classname="ListItrTest_20_AB_addToFrontC_CAB" name="testListItrNextNextNextPrevAdd_next" time="0.001"/>
  <testcase classname="ListItrTest_20_AB_addToFrontC_CAB" name="testListItrNextNextPrevAdd_next" time="0.000"/>
  <testcase classname="ListItrTest_20_AB_addToFrontC_CAB" name="testListItrNextNextNextAdd_previous" time="0.000"/>
  <testcase classname="ListItrTest_20_AB_addToFrontC_CAB" name="testListItrNextPrev_set" time="0.000"/>
  <testcase classname="ListItrTest_20_AB_addToFrontC_CAB" name="testListItrNextNextAdd_next" time="0.000"/>
  <testcase classname="ListItrTest_20_AB_addToFrontC_CAB" name="testListItrNextPrevRemove_set" time="0.000"/>
  <testcase classname="ListItrTest_20_AB_addToFrontC_CAB" name="testListItrNextNextPrevRemove_previousIndex" time="0.000"/>
  <testcase classname="ListItrTest_20_AB_addToFrontC_CAB" name="testListItrNextNextNextPrevAdd_hasNext" time="0.001"/>
  <testcase classname="ListItrTest_20_AB_addToFrontC_CAB" name="testListItrNextNextNextAdd_set" time="0.000"/>
  <testcase classname="ListItrTest_20_AB_addToFrontC_CAB" name="testListItrNextNextNextPrev_previous" time="0.000"/>
  <testcase classname="ListItrTest_20_AB_addToFrontC_CAB" name="testListItrAdd_hasPrevious" time="0.000"/>
  <testcase classname="ListItrTest_20_AB_addToFrontC_CAB" name="testListItrNextNextPrev_next" time="0.000"/>
  <testcase classname="ListItrTest_20_AB_addToFrontC_CAB" name="testListItrNextPrev_add" time="0.001"/>
  <testcase classname="ListItrTest_20_AB_addToFrontC_CAB" name="testListItrAdd_previous" time="0.000"/>
  <testcase classname="ListItrTest_20_AB_addToFrontC_CAB" name="testListItrNextNextPrev_remove" time="0.000"/>
  <testcase classname="ListItrTest_20_AB_addToFrontC_CAB" name="testListItrNextPrevAdd_previousIndex" time="0.000"/>
  <testcase classname="ListItrTest_20_AB_addToFrontC_CAB" name="testListItrNextNextPrevRemove_set" time="0.000"/>
  <testcase classname="ListItrTest_20_AB_addToFrontC_CAB" name="testListItrNextPrevRemove_nextIndex" time="0.000"/>
  <testcase classname="ListItrTest_20_AB_addToFrontC_CAB" name="testListItrNextNextPrevRemove_hasPrevious" time="0.000"/>
  <testcase classname="ListItrTest_20_AB_addToFrontC_CAB" name="testListItrNextNextPrevRemove_remove" time="0.000"/>
  <testcase classname="ListItrTest_20_AB_addToFrontC_CAB" name="testListItrNextNextNextPrev_previousIndex" time="0.000"/>
  <testcase classname="ListItrTest_20_AB_addToFrontC_CAB" name="testListItr_remove" time="0.000"/>
  <testcase classname="ListItrTest_20_AB_addToFrontC_CAB" name="testListItrNextNextPrevAdd_previous" time="0.000"/>
  <testcase classname="ListItrTest_20_AB_addToFrontC_CAB" name="testListItrNextNextPrevRemove_nextIndex" time="0.001"/>
  <testcase classname="ListItrTest_20_AB_addToFrontC_CAB" name="testListItrNextNextAdd_nextIndex" time="0.000"/>
  <testcase classname="ListItrTest_20_AB_addToFrontC_CAB" name="testListItrNextPrev_previousIndex" time="0.000"/>
  <testcase classname="ListItrTest_20_AB_addToFrontC_CAB" name="testListItrNextAdd_previousIndex" time="0.000"/>
</testsuite> <!-- ListItrTest_20_AB_addToFrontC_CAB -->
