<?xml version="1.0" encoding="UTF-8"?>
<!-- Generated by org.testng.reporters.JUnitReportReporter -->
<testsuite hostname="Daniels-MacBook-Pro.local" failures="0" tests="54" name="ListItrTest_2_emptyList_addToFrontA_A" time="0.007" errors="0" timestamp="2019-12-06T12:02:18 MST" skipped="0">
  <testcase classname="ListItrTest_2_emptyList_addToFrontA_A" name="testListItrNextPrevAdd_nextIndex" time="0.000"/>
  <testcase classname="ListItrTest_2_emptyList_addToFrontA_A" name="testListItrAdd_previous" time="0.000"/>
  <testcase classname="ListItrTest_2_emptyList_addToFrontA_A" name="testListItrAdd_add" time="0.000"/>
  <testcase classname="ListItrTest_2_emptyList_addToFrontA_A" name="testListItrNextPrevAdd_hasNext" time="0.000"/>
  <testcase classname="ListItrTest_2_emptyList_addToFrontA_A" name="testListItrNextAdd_nextIndex" time="0.000"/>
  <testcase classname="ListItrTest_2_emptyList_addToFrontA_A" name="testListItrNextPrev_previousIndex" time="0.000"/>
  <testcase classname="ListItrTest_2_emptyList_addToFrontA_A" name="testListItrNextPrevRemove_add" time="0.000"/>
  <testcase classname="ListItrTest_2_emptyList_addToFrontA_A" name="testListItrNextPrev_hasNext" time="0.000"/>
  <testcase classname="ListItrTest_2_emptyList_addToFrontA_A" name="testListItrNextAdd_previousIndex" time="0.001"/>
  <testcase classname="ListItrTest_2_emptyList_addToFrontA_A" name="testListItrNextPrevRemove_remove" time="0.000"/>
  <testcase classname="ListItrTest_2_emptyList_addToFrontA_A" name="testListItrNextPrev_nextIndex" time="0.000"/>
  <testcase classname="ListItrTest_2_emptyList_addToFrontA_A" name="testListItrNextPrevAdd_add" time="0.000"/>
  <testcase classname="ListItrTest_2_emptyList_addToFrontA_A" name="testListItrNextPrevRemove_previousIndex" time="0.000"/>
  <testcase classname="ListItrTest_2_emptyList_addToFrontA_A" name="testListItr_nextIndex" time="0.000"/>
  <testcase classname="ListItrTest_2_emptyList_addToFrontA_A" name="testListItrNextPrevAdd_previousIndex" time="0.000"/>
  <testcase classname="ListItrTest_2_emptyList_addToFrontA_A" name="testListItrNextPrev_next" time="0.000"/>
  <testcase classname="ListItrTest_2_emptyList_addToFrontA_A" name="testListItrNextPrev_set" time="0.000"/>
  <testcase classname="ListItrTest_2_emptyList_addToFrontA_A" name="testListItr_hasNext" time="0.000"/>
  <testcase classname="ListItrTest_2_emptyList_addToFrontA_A" name="testListItrNextPrevAdd_remove" time="0.002"/>
  <testcase classname="ListItrTest_2_emptyList_addToFrontA_A" name="testListItr_previousIndex" time="0.000"/>
  <testcase classname="ListItrTest_2_emptyList_addToFrontA_A" name="testListItrAdd_nextIndex" time="0.000"/>
  <testcase classname="ListItrTest_2_emptyList_addToFrontA_A" name="testListItrNextPrev_hasPrevious" time="0.000"/>
  <testcase classname="ListItrTest_2_emptyList_addToFrontA_A" name="testListItr_previous" time="0.000"/>
  <testcase classname="ListItrTest_2_emptyList_addToFrontA_A" name="testListItrNextAdd_hasNext" time="0.000"/>
  <testcase classname="ListItrTest_2_emptyList_addToFrontA_A" name="testListItrNextAdd_next" time="0.000"/>
  <testcase classname="ListItrTest_2_emptyList_addToFrontA_A" name="testListItrNextAdd_hasPrevious" time="0.000"/>
  <testcase classname="ListItrTest_2_emptyList_addToFrontA_A" name="testListItrAdd_hasNext" time="0.000"/>
  <testcase classname="ListItrTest_2_emptyList_addToFrontA_A" name="testListItrAdd_hasPrevious" time="0.000"/>
  <testcase classname="ListItrTest_2_emptyList_addToFrontA_A" name="testListItrNextPrev_previous" time="0.000"/>
  <testcase classname="ListItrTest_2_emptyList_addToFrontA_A" name="testListItrAdd_set" time="0.000"/>
  <testcase classname="ListItrTest_2_emptyList_addToFrontA_A" name="testListItr_remove" time="0.001"/>
  <testcase classname="ListItrTest_2_emptyList_addToFrontA_A" name="testListItrNextPrevAdd_previous" time="0.000"/>
  <testcase classname="ListItrTest_2_emptyList_addToFrontA_A" name="testListItrNextPrevRemove_previous" time="0.001"/>
  <testcase classname="ListItrTest_2_emptyList_addToFrontA_A" name="testListItr_hasPrevious" time="0.000"/>
  <testcase classname="ListItrTest_2_emptyList_addToFrontA_A" name="testListItrNextPrevRemove_set" time="0.000"/>
  <testcase classname="ListItrTest_2_emptyList_addToFrontA_A" name="testListItrNextPrevRemove_nextIndex" time="0.000"/>
  <testcase classname="ListItrTest_2_emptyList_addToFrontA_A" name="testListItrAdd_previousIndex" time="0.000"/>
  <testcase classname="ListItrTest_2_emptyList_addToFrontA_A" name="testListItrNextAdd_add" time="0.000"/>
  <testcase classname="ListItrTest_2_emptyList_addToFrontA_A" name="testListItrNextAdd_previous" time="0.000"/>
  <testcase classname="ListItrTest_2_emptyList_addToFrontA_A" name="testListItrNextPrevAdd_hasPrevious" time="0.000"/>
  <testcase classname="ListItrTest_2_emptyList_addToFrontA_A" name="testListItrNextPrevRemove_hasNext" time="0.000"/>
  <testcase classname="ListItrTest_2_emptyList_addToFrontA_A" name="testListItrNextPrevRemove_next" time="0.000"/>
  <testcase classname="ListItrTest_2_emptyList_addToFrontA_A" name="testListItrNextPrev_remove" time="0.001"/>
  <testcase classname="ListItrTest_2_emptyList_addToFrontA_A" name="testListItr_next" time="0.001"/>
  <testcase classname="ListItrTest_2_emptyList_addToFrontA_A" name="testListItrNextAdd_remove" time="0.000"/>
  <testcase classname="ListItrTest_2_emptyList_addToFrontA_A" name="testListItrNextPrevAdd_set" time="0.000"/>
  <testcase classname="ListItrTest_2_emptyList_addToFrontA_A" name="testListItr_set" time="0.000"/>
  <testcase classname="ListItrTest_2_emptyList_addToFrontA_A" name="testListItrNextPrev_add" time="0.000"/>
  <testcase classname="ListItrTest_2_emptyList_addToFrontA_A" name="testListItr_add" time="0.000"/>
  <testcase classname="ListItrTest_2_emptyList_addToFrontA_A" name="testListItrNextAdd_set" time="0.000"/>
  <testcase classname="ListItrTest_2_emptyList_addToFrontA_A" name="testListItrNextPrevRemove_hasPrevious" time="0.000"/>
  <testcase classname="ListItrTest_2_emptyList_addToFrontA_A" name="testListItrAdd_remove" time="0.000"/>
  <testcase classname="ListItrTest_2_emptyList_addToFrontA_A" name="testListItrNextPrevAdd_next" time="0.000"/>
  <testcase classname="ListItrTest_2_emptyList_addToFrontA_A" name="testListItrAdd_next" time="0.000"/>
</testsuite> <!-- ListItrTest_2_emptyList_addToFrontA_A -->
