<?xml version="1.0" encoding="UTF-8"?>
<!-- Generated by org.testng.reporters.JUnitReportReporter -->
<testsuite hostname="Daniels-MacBook-Pro.local" failures="0" tests="27" name="ItrTest_40_ABC_set0D_DBC" time="0.005" errors="0" timestamp="2019-12-06T12:02:18 MST" skipped="0">
  <testcase classname="ItrTest_40_ABC_set0D_DBC" name="testItr_remove" time="0.000"/>
  <testcase classname="ItrTest_40_ABC_set0D_DBC" name="testItrNextNextNext_remove" time="0.000"/>
  <testcase classname="ItrTest_40_ABC_set0D_DBC" name="testItrNextRemove_remove" time="0.000"/>
  <testcase classname="ItrTest_40_ABC_set0D_DBC" name="testItrNextNextRemoveNext_hasNext" time="0.000"/>
  <testcase classname="ItrTest_40_ABC_set0D_DBC" name="testItrNextNext_hasNext" time="0.000"/>
  <testcase classname="ItrTest_40_ABC_set0D_DBC" name="testItrNextNextNextRemove_hasNext" time="0.000"/>
  <testcase classname="ItrTest_40_ABC_set0D_DBC" name="testItr_hasNext" time="0.000"/>
  <testcase classname="ItrTest_40_ABC_set0D_DBC" name="testItrNext_remove" time="0.002"/>
  <testcase classname="ItrTest_40_ABC_set0D_DBC" name="testItrNextNextRemoveNext_remove" time="0.001"/>
  <testcase classname="ItrTest_40_ABC_set0D_DBC" name="testItrNextRemoveNext_next" time="0.000"/>
  <testcase classname="ItrTest_40_ABC_set0D_DBC" name="testItrNextNextNextRemove_remove" time="0.000"/>
  <testcase classname="ItrTest_40_ABC_set0D_DBC" name="testItrNextNextRemove_remove" time="0.000"/>
  <testcase classname="ItrTest_40_ABC_set0D_DBC" name="testItrNext_next" time="0.000"/>
  <testcase classname="ItrTest_40_ABC_set0D_DBC" name="testItrNextRemove_hasNext" time="0.000"/>
  <testcase classname="ItrTest_40_ABC_set0D_DBC" name="testItrNextNextRemove_hasNext" time="0.001"/>
  <testcase classname="ItrTest_40_ABC_set0D_DBC" name="testItrNextRemove_next" time="0.000"/>
  <testcase classname="ItrTest_40_ABC_set0D_DBC" name="testItrNextRemoveNext_remove" time="0.000"/>
  <testcase classname="ItrTest_40_ABC_set0D_DBC" name="testItrNextNextRemove_next" time="0.000"/>
  <testcase classname="ItrTest_40_ABC_set0D_DBC" name="testItrNextNextNextRemove_next" time="0.000"/>
  <testcase classname="ItrTest_40_ABC_set0D_DBC" name="testItrNextNext_next" time="0.000"/>
  <testcase classname="ItrTest_40_ABC_set0D_DBC" name="testItrNextNextRemoveNext_next" time="0.001"/>
  <testcase classname="ItrTest_40_ABC_set0D_DBC" name="testItrNext_hasNext" time="0.000"/>
  <testcase classname="ItrTest_40_ABC_set0D_DBC" name="testItrNextNext_remove" time="0.000"/>
  <testcase classname="ItrTest_40_ABC_set0D_DBC" name="testItrNextRemoveNext_hasNext" time="0.000"/>
  <testcase classname="ItrTest_40_ABC_set0D_DBC" name="testItrNextNextNext_hasNext" time="0.000"/>
  <testcase classname="ItrTest_40_ABC_set0D_DBC" name="testItrNextNextNext_next" time="0.000"/>
  <testcase classname="ItrTest_40_ABC_set0D_DBC" name="testItr_next" time="0.000"/>
</testsuite> <!-- ItrTest_40_ABC_set0D_DBC -->
