<?xml version="1.0" encoding="UTF-8"?>
<!-- Generated by org.testng.reporters.JUnitReportReporter -->
<testsuite hostname="Daniels-MacBook-Pro.local" failures="0" tests="3" name="ItrTest_8_A_removeA_emptyList" time="0.000" errors="0" timestamp="2019-12-06T12:02:18 MST" skipped="0">
  <testcase classname="ItrTest_8_A_removeA_emptyList" name="testItr_next" time="0.000"/>
  <testcase classname="ItrTest_8_A_removeA_emptyList" name="testItr_hasNext" time="0.000"/>
  <testcase classname="ItrTest_8_A_removeA_emptyList" name="testItr_remove" time="0.000"/>
</testsuite> <!-- ItrTest_8_A_removeA_emptyList -->
