<?xml version="1.0" encoding="UTF-8"?>
<!-- Generated by org.testng.reporters.JUnitReportReporter -->
<testsuite hostname="Daniels-MacBook-Pro.local" failures="0" tests="90" name="ListItrTest_9_A_addToFrontB_BA" time="0.169" errors="0" timestamp="2019-12-06T12:02:18 MST" skipped="0">
  <testcase classname="ListItrTest_9_A_addToFrontB_BA" name="testListItrNextNextPrevRemove_nextIndex" time="0.000"/>
  <testcase classname="ListItrTest_9_A_addToFrontB_BA" name="testListItrNextNextPrevRemove_previous" time="0.000"/>
  <testcase classname="ListItrTest_9_A_addToFrontB_BA" name="testListItrNextNextPrevAdd_previous" time="0.000"/>
  <testcase classname="ListItrTest_9_A_addToFrontB_BA" name="testListItrNextPrevAdd_add" time="0.000"/>
  <testcase classname="ListItrTest_9_A_addToFrontB_BA" name="testListItrNextNextPrevRemove_add" time="0.000"/>
  <testcase classname="ListItrTest_9_A_addToFrontB_BA" name="testListItrNextNextAdd_next" time="0.001"/>
  <testcase classname="ListItrTest_9_A_addToFrontB_BA" name="testListItrNextNextPrev_hasNext" time="0.000"/>
  <testcase classname="ListItrTest_9_A_addToFrontB_BA" name="testListItrNextNextAdd_previousIndex" time="0.000"/>
  <testcase classname="ListItrTest_9_A_addToFrontB_BA" name="testListItrAdd_next" time="0.000"/>
  <testcase classname="ListItrTest_9_A_addToFrontB_BA" name="testListItr_remove" time="0.000"/>
  <testcase classname="ListItrTest_9_A_addToFrontB_BA" name="testListItrNextPrevRemove_add" time="0.000"/>
  <testcase classname="ListItrTest_9_A_addToFrontB_BA" name="testListItrNextNextPrev_previous" time="0.000"/>
  <testcase classname="ListItrTest_9_A_addToFrontB_BA" name="testListItr_add" time="0.000"/>
  <testcase classname="ListItrTest_9_A_addToFrontB_BA" name="testListItrNextPrevAdd_hasPrevious" time="0.000"/>
  <testcase classname="ListItrTest_9_A_addToFrontB_BA" name="testListItrNextNextAdd_previous" time="0.000"/>
  <testcase classname="ListItrTest_9_A_addToFrontB_BA" name="testListItrNextPrevAdd_remove" time="0.000"/>
  <testcase classname="ListItrTest_9_A_addToFrontB_BA" name="testListItrNextNextPrev_remove" time="0.000"/>
  <testcase classname="ListItrTest_9_A_addToFrontB_BA" name="testListItrNextNextPrev_previousIndex" time="0.000"/>
  <testcase classname="ListItrTest_9_A_addToFrontB_BA" name="testListItrNextPrevRemove_nextIndex" time="0.000"/>
  <testcase classname="ListItrTest_9_A_addToFrontB_BA" name="testListItrNextNextPrev_hasPrevious" time="0.000"/>
  <testcase classname="ListItrTest_9_A_addToFrontB_BA" name="testListItrAdd_nextIndex" time="0.000"/>
  <testcase classname="ListItrTest_9_A_addToFrontB_BA" name="testListItrNextAdd_next" time="0.000"/>
  <testcase classname="ListItrTest_9_A_addToFrontB_BA" name="testListItrNextNextAdd_add" time="0.000"/>
  <testcase classname="ListItrTest_9_A_addToFrontB_BA" name="testListItrNextAdd_hasPrevious" time="0.000"/>
  <testcase classname="ListItrTest_9_A_addToFrontB_BA" name="testListItrAdd_previous" time="0.000"/>
  <testcase classname="ListItrTest_9_A_addToFrontB_BA" name="testListItrNextNextPrevAdd_hasNext" time="0.000"/>
  <testcase classname="ListItrTest_9_A_addToFrontB_BA" name="testListItrNextAdd_remove" time="0.000"/>
  <testcase classname="ListItrTest_9_A_addToFrontB_BA" name="testListItrNextNextPrevRemove_next" time="0.000"/>
  <testcase classname="ListItrTest_9_A_addToFrontB_BA" name="testListItr_next" time="0.000"/>
  <testcase classname="ListItrTest_9_A_addToFrontB_BA" name="testListItrNextNextPrevAdd_add" time="0.000"/>
  <testcase classname="ListItrTest_9_A_addToFrontB_BA" name="testListItrNextPrevRemove_previous" time="0.000"/>
  <testcase classname="ListItrTest_9_A_addToFrontB_BA" name="testListItrNextPrev_hasNext" time="0.000"/>
  <testcase classname="ListItrTest_9_A_addToFrontB_BA" name="testListItrNextNextPrevAdd_hasPrevious" time="0.000"/>
  <testcase classname="ListItrTest_9_A_addToFrontB_BA" name="testListItrNextPrevRemove_remove" time="0.000"/>
  <testcase classname="ListItrTest_9_A_addToFrontB_BA" name="testListItrNextPrev_previousIndex" time="0.000"/>
  <testcase classname="ListItrTest_9_A_addToFrontB_BA" name="testListItr_set" time="0.000"/>
  <testcase classname="ListItrTest_9_A_addToFrontB_BA" name="testListItr_previous" time="0.000"/>
  <testcase classname="ListItrTest_9_A_addToFrontB_BA" name="testListItrNextPrevAdd_hasNext" time="0.000"/>
  <testcase classname="ListItrTest_9_A_addToFrontB_BA" name="testListItrAdd_remove" time="0.001"/>
  <testcase classname="ListItrTest_9_A_addToFrontB_BA" name="testListItr_nextIndex" time="0.000"/>
  <testcase classname="ListItrTest_9_A_addToFrontB_BA" name="testListItrNextPrev_remove" time="0.000"/>
  <testcase classname="ListItrTest_9_A_addToFrontB_BA" name="testListItrNextNextPrevAdd_next" time="0.000"/>
  <testcase classname="ListItrTest_9_A_addToFrontB_BA" name="testListItrNextNextAdd_remove" time="0.001"/>
  <testcase classname="ListItrTest_9_A_addToFrontB_BA" name="testListItrNextPrevRemove_next" time="0.000"/>
  <testcase classname="ListItrTest_9_A_addToFrontB_BA" name="testListItrNextPrevRemove_previousIndex" time="0.000"/>
  <testcase classname="ListItrTest_9_A_addToFrontB_BA" name="testListItrNextNextPrev_add" time="0.000"/>
  <testcase classname="ListItrTest_9_A_addToFrontB_BA" name="testListItrNextNextPrevAdd_previousIndex" time="0.000"/>
  <testcase classname="ListItrTest_9_A_addToFrontB_BA" name="testListItrNextNextPrev_next" time="0.000"/>
  <testcase classname="ListItrTest_9_A_addToFrontB_BA" name="testListItrNextAdd_hasNext" time="0.000"/>
  <testcase classname="ListItrTest_9_A_addToFrontB_BA" name="testListItrNextNextPrevRemove_hasPrevious" time="0.000"/>
  <testcase classname="ListItrTest_9_A_addToFrontB_BA" name="testListItr_hasNext" time="0.000"/>
  <testcase classname="ListItrTest_9_A_addToFrontB_BA" name="testListItrNextAdd_add" time="0.000"/>
  <testcase classname="ListItrTest_9_A_addToFrontB_BA" name="testListItrNextPrevAdd_previous" time="0.000"/>
  <testcase classname="ListItrTest_9_A_addToFrontB_BA" name="testListItrNextPrevRemove_set" time="0.000"/>
  <testcase classname="ListItrTest_9_A_addToFrontB_BA" name="testListItrNextPrevAdd_nextIndex" time="0.001"/>
  <testcase classname="ListItrTest_9_A_addToFrontB_BA" name="testListItrNextPrev_previous" time="0.000"/>
  <testcase classname="ListItrTest_9_A_addToFrontB_BA" name="testListItrNextPrevRemove_hasNext" time="0.001"/>
  <testcase classname="ListItrTest_9_A_addToFrontB_BA" name="testListItrNextNextAdd_set" time="0.000"/>
  <testcase classname="ListItrTest_9_A_addToFrontB_BA" name="testListItrAdd_set" time="0.000"/>
  <testcase classname="ListItrTest_9_A_addToFrontB_BA" name="testListItr_previousIndex" time="0.000"/>
  <testcase classname="ListItrTest_9_A_addToFrontB_BA" name="testListItrNextAdd_nextIndex" time="0.000"/>
  <testcase classname="ListItrTest_9_A_addToFrontB_BA" name="testListItrNextNextAdd_hasPrevious" time="0.000"/>
  <testcase classname="ListItrTest_9_A_addToFrontB_BA" name="testListItrNextNextPrev_nextIndex" time="0.000"/>
  <testcase classname="ListItrTest_9_A_addToFrontB_BA" name="testListItrNextPrevAdd_next" time="0.000"/>
  <testcase classname="ListItrTest_9_A_addToFrontB_BA" name="testListItr_hasPrevious" time="0.000"/>
  <testcase classname="ListItrTest_9_A_addToFrontB_BA" name="testListItrNextPrev_next" time="0.000"/>
  <testcase classname="ListItrTest_9_A_addToFrontB_BA" name="testListItrAdd_hasPrevious" time="0.001"/>
  <testcase classname="ListItrTest_9_A_addToFrontB_BA" name="testListItrAdd_hasNext" time="0.000"/>
  <testcase classname="ListItrTest_9_A_addToFrontB_BA" name="testListItrNextPrev_set" time="0.000"/>
  <testcase classname="ListItrTest_9_A_addToFrontB_BA" name="testListItrNextPrev_nextIndex" time="0.001"/>
  <testcase classname="ListItrTest_9_A_addToFrontB_BA" name="testListItrNextNextPrevAdd_nextIndex" time="0.000"/>
  <testcase classname="ListItrTest_9_A_addToFrontB_BA" name="testListItrNextNextPrevAdd_remove" time="0.000"/>
  <testcase classname="ListItrTest_9_A_addToFrontB_BA" name="testListItrNextNextPrevAdd_set" time="0.000"/>
  <testcase classname="ListItrTest_9_A_addToFrontB_BA" name="testListItrNextAdd_previous" time="0.160"/>
  <testcase classname="ListItrTest_9_A_addToFrontB_BA" name="testListItrNextAdd_set" time="0.000"/>
  <testcase classname="ListItrTest_9_A_addToFrontB_BA" name="testListItrNextNextAdd_hasNext" time="0.000"/>
  <testcase classname="ListItrTest_9_A_addToFrontB_BA" name="testListItrAdd_add" time="0.000"/>
  <testcase classname="ListItrTest_9_A_addToFrontB_BA" name="testListItrNextAdd_previousIndex" time="0.000"/>
  <testcase classname="ListItrTest_9_A_addToFrontB_BA" name="testListItrNextNextPrevRemove_hasNext" time="0.000"/>
  <testcase classname="ListItrTest_9_A_addToFrontB_BA" name="testListItrNextPrevAdd_previousIndex" time="0.000"/>
  <testcase classname="ListItrTest_9_A_addToFrontB_BA" name="testListItrNextPrevAdd_set" time="0.001"/>
  <testcase classname="ListItrTest_9_A_addToFrontB_BA" name="testListItrNextPrev_hasPrevious" time="0.000"/>
  <testcase classname="ListItrTest_9_A_addToFrontB_BA" name="testListItrNextNextPrev_set" time="0.000"/>
  <testcase classname="ListItrTest_9_A_addToFrontB_BA" name="testListItrNextNextPrevRemove_set" time="0.000"/>
  <testcase classname="ListItrTest_9_A_addToFrontB_BA" name="testListItrNextNextPrevRemove_previousIndex" time="0.001"/>
  <testcase classname="ListItrTest_9_A_addToFrontB_BA" name="testListItrNextPrevRemove_hasPrevious" time="0.000"/>
  <testcase classname="ListItrTest_9_A_addToFrontB_BA" name="testListItrNextNextPrevRemove_remove" time="0.000"/>
  <testcase classname="ListItrTest_9_A_addToFrontB_BA" name="testListItrAdd_previousIndex" time="0.000"/>
  <testcase classname="ListItrTest_9_A_addToFrontB_BA" name="testListItrNextNextAdd_nextIndex" time="0.000"/>
  <testcase classname="ListItrTest_9_A_addToFrontB_BA" name="testListItrNextPrev_add" time="0.000"/>
</testsuite> <!-- ListItrTest_9_A_addToFrontB_BA -->
