<?xml version="1.0" encoding="UTF-8"?>
<!-- Generated by org.testng.reporters.JUnitReportReporter -->
<testsuite hostname="Daniels-MacBook-Pro.local" failures="0" tests="45" name="Test_9_A_addB_AB" time="0.023" errors="0" timestamp="2019-12-06T12:10:58 MST" skipped="0">
  <testcase classname="Test_9_A_addB_AB" name="testIndexOf_validElement" time="0.001"/>
  <testcase classname="Test_9_A_addB_AB" name="testAdd_validIndex" time="0.000"/>
  <testcase classname="Test_9_A_addB_AB" name="testAdd_invalidIndex" time="0.002"/>
  <testcase classname="Test_9_A_addB_AB" name="testContains_invalidElement" time="0.000"/>
  <testcase classname="Test_9_A_addB_AB" name="testContains_validElement" time="0.001"/>
  <testcase classname="Test_9_A_addB_AB" name="testRemove_validElement" time="0.000"/>
  <testcase classname="Test_9_A_addB_AB" name="testGet_invalidIndex" time="0.000"/>
  <testcase classname="Test_9_A_addB_AB" name="testAdd" time="0.000"/>
  <testcase classname="Test_9_A_addB_AB" name="testGet_validIndex" time="0.001"/>
  <testcase classname="Test_9_A_addB_AB" name="testAdd_validIndex" time="0.001"/>
  <testcase classname="Test_9_A_addB_AB" name="testListIterator_invalidIndex" time="0.000"/>
  <testcase classname="Test_9_A_addB_AB" name="testRemove_validIndex" time="0.000"/>
  <testcase classname="Test_9_A_addB_AB" name="testAddToFront" time="0.001"/>
  <testcase classname="Test_9_A_addB_AB" name="testIndexOf_invalidElement" time="0.001"/>
  <testcase classname="Test_9_A_addB_AB" name="testRemove_invalidIndex" time="0.001"/>
  <testcase classname="Test_9_A_addB_AB" name="testSet_invalidIndex" time="0.000"/>
  <testcase classname="Test_9_A_addB_AB" name="testAddAfter_invalidElement" time="0.000"/>
  <testcase classname="Test_9_A_addB_AB" name="testRemove_invalidElement" time="0.000"/>
  <testcase classname="Test_9_A_addB_AB" name="testListIterator_validIndex" time="0.000"/>
  <testcase classname="Test_9_A_addB_AB" name="testAdd_validIndex" time="0.000"/>
  <testcase classname="Test_9_A_addB_AB" name="testFirst" time="0.001"/>
  <testcase classname="Test_9_A_addB_AB" name="testSet_validIndex" time="0.001"/>
  <testcase classname="Test_9_A_addB_AB" name="testSize" time="0.000"/>
  <testcase classname="Test_9_A_addB_AB" name="testRemove_validElement" time="0.000"/>
  <testcase classname="Test_9_A_addB_AB" name="testListIterator" time="0.001"/>
  <testcase classname="Test_9_A_addB_AB" name="testAddAfter_validElement" time="0.000"/>
  <testcase classname="Test_9_A_addB_AB" name="testIterator" time="0.000"/>
  <testcase classname="Test_9_A_addB_AB" name="testIndexOf_validElement" time="0.000"/>
  <testcase classname="Test_9_A_addB_AB" name="testRemove_validIndex" time="0.000"/>
  <testcase classname="Test_9_A_addB_AB" name="testListIterator_invalidIndex" time="0.001"/>
  <testcase classname="Test_9_A_addB_AB" name="testRemove_invalidIndex" time="0.001"/>
  <testcase classname="Test_9_A_addB_AB" name="testLast" time="0.001"/>
  <testcase classname="Test_9_A_addB_AB" name="testListIterator_validIndex" time="0.000"/>
  <testcase classname="Test_9_A_addB_AB" name="testListIterator_validIndex" time="0.001"/>
  <testcase classname="Test_9_A_addB_AB" name="testAddAfter_validElement" time="0.000"/>
  <testcase classname="Test_9_A_addB_AB" name="testContains_validElement" time="0.001"/>
  <testcase classname="Test_9_A_addB_AB" name="testRemoveFirst" time="0.001"/>
  <testcase classname="Test_9_A_addB_AB" name="testAddToRear" time="0.002"/>
  <testcase classname="Test_9_A_addB_AB" name="testRemoveLast" time="0.001"/>
  <testcase classname="Test_9_A_addB_AB" name="testSet_validIndex" time="0.000"/>
  <testcase classname="Test_9_A_addB_AB" name="testGet_validIndex" time="0.000"/>
  <testcase classname="Test_9_A_addB_AB" name="testSet_invalidIndex" time="0.001"/>
  <testcase classname="Test_9_A_addB_AB" name="testIsEmpty" time="0.000"/>
  <testcase classname="Test_9_A_addB_AB" name="testGet_invalidIndex" time="0.000"/>
  <testcase classname="Test_9_A_addB_AB" name="testAdd_invalidIndex" time="0.001"/>
</testsuite> <!-- Test_9_A_addB_AB -->
