<?xml version="1.0" encoding="UTF-8"?>
<!-- Generated by org.testng.reporters.JUnitReportReporter -->
<testsuite hostname="Daniels-MacBook-Pro.local" failures="0" tests="18" name="ListItrTest_8_A_removeA_emptyList" time="0.001" errors="0" timestamp="2019-12-06T12:02:18 MST" skipped="0">
  <testcase classname="ListItrTest_8_A_removeA_emptyList" name="testListItrAdd_hasPrevious" time="0.000"/>
  <testcase classname="ListItrTest_8_A_removeA_emptyList" name="testListItr_hasPrevious" time="0.000"/>
  <testcase classname="ListItrTest_8_A_removeA_emptyList" name="testListItr_set" time="0.001"/>
  <testcase classname="ListItrTest_8_A_removeA_emptyList" name="testListItrAdd_add" time="0.000"/>
  <testcase classname="ListItrTest_8_A_removeA_emptyList" name="testListItrAdd_set" time="0.000"/>
  <testcase classname="ListItrTest_8_A_removeA_emptyList" name="testListItr_previous" time="0.000"/>
  <testcase classname="ListItrTest_8_A_removeA_emptyList" name="testListItr_next" time="0.000"/>
  <testcase classname="ListItrTest_8_A_removeA_emptyList" name="testListItrAdd_nextIndex" time="0.000"/>
  <testcase classname="ListItrTest_8_A_removeA_emptyList" name="testListItr_add" time="0.000"/>
  <testcase classname="ListItrTest_8_A_removeA_emptyList" name="testListItrAdd_hasNext" time="0.000"/>
  <testcase classname="ListItrTest_8_A_removeA_emptyList" name="testListItrAdd_next" time="0.000"/>
  <testcase classname="ListItrTest_8_A_removeA_emptyList" name="testListItrAdd_previousIndex" time="0.000"/>
  <testcase classname="ListItrTest_8_A_removeA_emptyList" name="testListItr_remove" time="0.000"/>
  <testcase classname="ListItrTest_8_A_removeA_emptyList" name="testListItrAdd_previous" time="0.000"/>
  <testcase classname="ListItrTest_8_A_removeA_emptyList" name="testListItr_nextIndex" time="0.000"/>
  <testcase classname="ListItrTest_8_A_removeA_emptyList" name="testListItr_hasNext" time="0.000"/>
  <testcase classname="ListItrTest_8_A_removeA_emptyList" name="testListItr_previousIndex" time="0.000"/>
  <testcase classname="ListItrTest_8_A_removeA_emptyList" name="testListItrAdd_remove" time="0.000"/>
</testsuite> <!-- ListItrTest_8_A_removeA_emptyList -->
