<?xml version="1.0" encoding="UTF-8"?>
<!-- Generated by org.testng.reporters.JUnitReportReporter -->
<testsuite hostname="Daniels-MacBook-Pro.local" failures="0" tests="9" name="ItrTest_19_AB_removeB_A" time="0.009" errors="0" timestamp="2019-12-06T12:02:18 MST" skipped="0">
  <testcase classname="ItrTest_19_AB_removeB_A" name="testItr_next" time="0.000"/>
  <testcase classname="ItrTest_19_AB_removeB_A" name="testItrNext_remove" time="0.002"/>
  <testcase classname="ItrTest_19_AB_removeB_A" name="testItrNext_next" time="0.001"/>
  <testcase classname="ItrTest_19_AB_removeB_A" name="testItr_remove" time="0.001"/>
  <testcase classname="ItrTest_19_AB_removeB_A" name="testItrNext_hasNext" time="0.001"/>
  <testcase classname="ItrTest_19_AB_removeB_A" name="testItrNextRemove_hasNext" time="0.002"/>
  <testcase classname="ItrTest_19_AB_removeB_A" name="testItr_hasNext" time="0.000"/>
  <testcase classname="ItrTest_19_AB_removeB_A" name="testItrNextRemove_remove" time="0.001"/>
  <testcase classname="ItrTest_19_AB_removeB_A" name="testItrNextRemove_next" time="0.001"/>
</testsuite> <!-- ItrTest_19_AB_removeB_A -->
