<?xml version="1.0" encoding="UTF-8"?>
<!-- Generated by org.testng.reporters.JUnitReportReporter -->
<testsuite hostname="Daniels-MacBook-Pro.local" failures="0" tests="24" name="Test_15_A_remove0_emptyList" time="0.012" errors="0" timestamp="2019-12-06T12:10:58 MST" skipped="0">
  <testcase classname="Test_15_A_remove0_emptyList" name="testFirst" time="0.001"/>
  <testcase classname="Test_15_A_remove0_emptyList" name="testContains_invalidElement" time="0.000"/>
  <testcase classname="Test_15_A_remove0_emptyList" name="testAddToRear" time="0.001"/>
  <testcase classname="Test_15_A_remove0_emptyList" name="testAdd_invalidIndex" time="0.000"/>
  <testcase classname="Test_15_A_remove0_emptyList" name="testRemove_invalidElement" time="0.000"/>
  <testcase classname="Test_15_A_remove0_emptyList" name="testRemove_invalidIndex" time="0.002"/>
  <testcase classname="Test_15_A_remove0_emptyList" name="testRemoveFirst" time="0.000"/>
  <testcase classname="Test_15_A_remove0_emptyList" name="testAdd_invalidIndex" time="0.000"/>
  <testcase classname="Test_15_A_remove0_emptyList" name="testListIterator_invalidIndex" time="0.001"/>
  <testcase classname="Test_15_A_remove0_emptyList" name="testIndexOf_invalidElement" time="0.000"/>
  <testcase classname="Test_15_A_remove0_emptyList" name="testAdd_validIndex" time="0.000"/>
  <testcase classname="Test_15_A_remove0_emptyList" name="testAdd" time="0.001"/>
  <testcase classname="Test_15_A_remove0_emptyList" name="testListIterator" time="0.000"/>
  <testcase classname="Test_15_A_remove0_emptyList" name="testAddToFront" time="0.000"/>
  <testcase classname="Test_15_A_remove0_emptyList" name="testSet" time="0.000"/>
  <testcase classname="Test_15_A_remove0_emptyList" name="testListIterator_validIndex" time="0.000"/>
  <testcase classname="Test_15_A_remove0_emptyList" name="testIsEmpty" time="0.000"/>
  <testcase classname="Test_15_A_remove0_emptyList" name="testGet" time="0.001"/>
  <testcase classname="Test_15_A_remove0_emptyList" name="testAddAfter_invalidElement" time="0.000"/>
  <testcase classname="Test_15_A_remove0_emptyList" name="testLast" time="0.001"/>
  <testcase classname="Test_15_A_remove0_emptyList" name="testRemoveLast" time="0.001"/>
  <testcase classname="Test_15_A_remove0_emptyList" name="testSize" time="0.000"/>
  <testcase classname="Test_15_A_remove0_emptyList" name="testIterator" time="0.002"/>
  <testcase classname="Test_15_A_remove0_emptyList" name="testToString" time="0.001"/>
</testsuite> <!-- Test_15_A_remove0_emptyList -->
